
 /----------------------------------------------------------------------------\
 |                                                                            |
 |  yosys -- Yosys Open SYnthesis Suite                                       |
 |                                                                            |
 |  Copyright (C) 2012 - 2020  Claire Wolf <claire@symbioticeda.com>          |
 |                                                                            |
 |  Permission to use, copy, modify, and/or distribute this software for any  |
 |  purpose with or without fee is hereby granted, provided that the above    |
 |  copyright notice and this permission notice appear in all copies.         |
 |                                                                            |
 |  THE SOFTWARE IS PROVIDED "AS IS" AND THE AUTHOR DISCLAIMS ALL WARRANTIES  |
 |  WITH REGARD TO THIS SOFTWARE INCLUDING ALL IMPLIED WARRANTIES OF          |
 |  MERCHANTABILITY AND FITNESS. IN NO EVENT SHALL THE AUTHOR BE LIABLE FOR   |
 |  ANY SPECIAL, DIRECT, INDIRECT, OR CONSEQUENTIAL DAMAGES OR ANY DAMAGES    |
 |  WHATSOEVER RESULTING FROM LOSS OF USE, DATA OR PROFITS, WHETHER IN AN     |
 |  ACTION OF CONTRACT, NEGLIGENCE OR OTHER TORTIOUS ACTION, ARISING OUT OF   |
 |  OR IN CONNECTION WITH THE USE OR PERFORMANCE OF THIS SOFTWARE.            |
 |                                                                            |
 \----------------------------------------------------------------------------/

 Yosys 0.9+2406 (git sha1 ca763e6d5, gcc 10.2.1-6 -fPIC -Os)


-- Parsing `/data/data/com.termux/files/home/fpga-examples/madhuassign/helloworldfpga.v' using frontend `verilog' --

1. Executing Verilog-2005 frontend: /data/data/com.termux/files/home/fpga-examples/madhuassign/helloworldfpga.v
Parsing Verilog input from `/data/data/com.termux/files/home/fpga-examples/madhuassign/helloworldfpga.v' to AST representation.
Generating RTLIL representation for module `\helloworldfpga'.
Successfully finished Verilog frontend.

-- Running command `tcl /data/data/com.termux/files/home/symbiflow/quicklogic-arch-defs/share/quicklogic/synth.tcl' --
[TCL: yosys -import] Command name collision: found pre-existing command `cd' -> skip.
[TCL: yosys -import] Command name collision: found pre-existing command `eval' -> skip.
[TCL: yosys -import] Command name collision: found pre-existing command `exec' -> skip.
[TCL: yosys -import] Command name collision: found pre-existing command `read' -> skip.
[TCL: yosys -import] Command name collision: found pre-existing command `trace' -> skip.

2. Executing Verilog-2005 frontend: /data/data/com.termux/files/home/symbiflow/quicklogic-arch-defs/share/techmaps/quicklogic/pp3/techmap/cells_sim.v
Parsing Verilog input from `/data/data/com.termux/files/home/symbiflow/quicklogic-arch-defs/share/techmaps/quicklogic/pp3/techmap/cells_sim.v' to AST representation.
Generating RTLIL representation for module `\VCC'.
Generating RTLIL representation for module `\GND'.
Generating RTLIL representation for module `\fpga_interconnect'.
Generating RTLIL representation for module `\CLOCK_CELL'.
Generating RTLIL representation for module `\BIDIR_CELL'.
Generating RTLIL representation for module `\SDIOMUX_CELL'.
Generating RTLIL representation for module `\T_FRAG'.
Generating RTLIL representation for module `\B_FRAG'.
Generating RTLIL representation for module `\Q_FRAG'.
Generating RTLIL representation for module `\F_FRAG'.
Generating RTLIL representation for module `\C_FRAG'.
Generating RTLIL representation for module `\ASSP'.
Generating RTLIL representation for module `\MULT'.
Generating RTLIL representation for module `\GMUX_IP'.
Generating RTLIL representation for module `\GMUX_IC'.
Successfully finished Verilog frontend.

3. Executing Verilog-2005 frontend: /data/data/com.termux/files/home/symbiflow/quicklogic-arch-defs/bin/../share/arch/ql-eos-s3_wlcsp/cells/ram_sim.v
Parsing Verilog input from `/data/data/com.termux/files/home/symbiflow/quicklogic-arch-defs/bin/../share/arch/ql-eos-s3_wlcsp/cells/ram_sim.v' to AST representation.
Generating RTLIL representation for module `\RAM_CE0_FE0_PR0_WSA0_WSB0_VPR'.
Generating RTLIL representation for module `\RAM_CE0_FE0_PR0_WSA0_WSB1_VPR'.
Generating RTLIL representation for module `\RAM_CE0_FE0_PR0_WSA1_WSB0_VPR'.
Generating RTLIL representation for module `\RAM_CE0_FE0_PR0_WSA1_WSB1_VPR'.
Generating RTLIL representation for module `\RAM_CE0_FE0_PR1_WSA0_WSB0_VPR'.
Generating RTLIL representation for module `\RAM_CE0_FE0_PR1_WSA0_WSB1_VPR'.
Generating RTLIL representation for module `\RAM_CE0_FE0_PR1_WSA1_WSB0_VPR'.
Generating RTLIL representation for module `\RAM_CE0_FE0_PR1_WSA1_WSB1_VPR'.
Generating RTLIL representation for module `\RAM_CE0_FE1_D0_PR0_WSA0_WSB0_VPR'.
Generating RTLIL representation for module `\RAM_CE0_FE1_D0_PR0_WSA0_WSB1_VPR'.
Generating RTLIL representation for module `\RAM_CE0_FE1_D0_PR0_WSA1_WSB0_VPR'.
Generating RTLIL representation for module `\RAM_CE0_FE1_D0_PR0_WSA1_WSB1_VPR'.
Generating RTLIL representation for module `\RAM_CE0_FE1_D0_PR1_WSA0_WSB0_VPR'.
Generating RTLIL representation for module `\RAM_CE0_FE1_D0_PR1_WSA0_WSB1_VPR'.
Generating RTLIL representation for module `\RAM_CE0_FE1_D0_PR1_WSA1_WSB0_VPR'.
Generating RTLIL representation for module `\RAM_CE0_FE1_D0_PR1_WSA1_WSB1_VPR'.
Generating RTLIL representation for module `\RAM_CE0_FE1_D1_PR0_WSA0_WSB0_VPR'.
Generating RTLIL representation for module `\RAM_CE0_FE1_D1_PR0_WSA0_WSB1_VPR'.
Generating RTLIL representation for module `\RAM_CE0_FE1_D1_PR0_WSA1_WSB0_VPR'.
Generating RTLIL representation for module `\RAM_CE0_FE1_D1_PR0_WSA1_WSB1_VPR'.
Generating RTLIL representation for module `\RAM_CE0_FE1_D1_PR1_WSA0_WSB0_VPR'.
Generating RTLIL representation for module `\RAM_CE0_FE1_D1_PR1_WSA0_WSB1_VPR'.
Generating RTLIL representation for module `\RAM_CE0_FE1_D1_PR1_WSA1_WSB0_VPR'.
Generating RTLIL representation for module `\RAM_CE0_FE1_D1_PR1_WSA1_WSB1_VPR'.
Generating RTLIL representation for module `\RAM_CE1_FE0_PR0_WSA0_WSB0_VPR'.
Generating RTLIL representation for module `\RAM_CE1_FE0_PR0_WSA0_WSB1_VPR'.
Generating RTLIL representation for module `\RAM_CE1_FE0_PR0_WSA0_WSB2_VPR'.
Generating RTLIL representation for module `\RAM_CE1_FE0_PR0_WSA1_WSB0_VPR'.
Generating RTLIL representation for module `\RAM_CE1_FE0_PR0_WSA1_WSB1_VPR'.
Generating RTLIL representation for module `\RAM_CE1_FE0_PR0_WSA1_WSB2_VPR'.
Generating RTLIL representation for module `\RAM_CE1_FE0_PR0_WSA2_WSB0_VPR'.
Generating RTLIL representation for module `\RAM_CE1_FE0_PR0_WSA2_WSB1_VPR'.
Generating RTLIL representation for module `\RAM_CE1_FE0_PR0_WSA2_WSB2_VPR'.
Generating RTLIL representation for module `\RAM_CE1_FE0_PR1_WSA0_WSB0_VPR'.
Generating RTLIL representation for module `\RAM_CE1_FE0_PR1_WSA0_WSB1_VPR'.
Generating RTLIL representation for module `\RAM_CE1_FE0_PR1_WSA0_WSB2_VPR'.
Generating RTLIL representation for module `\RAM_CE1_FE0_PR1_WSA1_WSB0_VPR'.
Generating RTLIL representation for module `\RAM_CE1_FE0_PR1_WSA1_WSB1_VPR'.
Generating RTLIL representation for module `\RAM_CE1_FE0_PR1_WSA1_WSB2_VPR'.
Generating RTLIL representation for module `\RAM_CE1_FE0_PR1_WSA2_WSB0_VPR'.
Generating RTLIL representation for module `\RAM_CE1_FE0_PR1_WSA2_WSB1_VPR'.
Generating RTLIL representation for module `\RAM_CE1_FE0_PR1_WSA2_WSB2_VPR'.
Generating RTLIL representation for module `\RAM_CE1_FE1_D0_PR0_WSA0_WSB0_VPR'.
Generating RTLIL representation for module `\RAM_CE1_FE1_D0_PR0_WSA0_WSB1_VPR'.
Generating RTLIL representation for module `\RAM_CE1_FE1_D0_PR0_WSA0_WSB2_VPR'.
Generating RTLIL representation for module `\RAM_CE1_FE1_D0_PR0_WSA1_WSB0_VPR'.
Generating RTLIL representation for module `\RAM_CE1_FE1_D0_PR0_WSA1_WSB1_VPR'.
Generating RTLIL representation for module `\RAM_CE1_FE1_D0_PR0_WSA1_WSB2_VPR'.
Generating RTLIL representation for module `\RAM_CE1_FE1_D0_PR0_WSA2_WSB0_VPR'.
Generating RTLIL representation for module `\RAM_CE1_FE1_D0_PR0_WSA2_WSB1_VPR'.
Generating RTLIL representation for module `\RAM_CE1_FE1_D0_PR0_WSA2_WSB2_VPR'.
Generating RTLIL representation for module `\RAM_CE1_FE1_D0_PR1_WSA0_WSB0_VPR'.
Generating RTLIL representation for module `\RAM_CE1_FE1_D0_PR1_WSA0_WSB1_VPR'.
Generating RTLIL representation for module `\RAM_CE1_FE1_D0_PR1_WSA0_WSB2_VPR'.
Generating RTLIL representation for module `\RAM_CE1_FE1_D0_PR1_WSA1_WSB0_VPR'.
Generating RTLIL representation for module `\RAM_CE1_FE1_D0_PR1_WSA1_WSB1_VPR'.
Generating RTLIL representation for module `\RAM_CE1_FE1_D0_PR1_WSA1_WSB2_VPR'.
Generating RTLIL representation for module `\RAM_CE1_FE1_D0_PR1_WSA2_WSB0_VPR'.
Generating RTLIL representation for module `\RAM_CE1_FE1_D0_PR1_WSA2_WSB1_VPR'.
Generating RTLIL representation for module `\RAM_CE1_FE1_D0_PR1_WSA2_WSB2_VPR'.
Generating RTLIL representation for module `\RAM_CE1_FE1_D1_PR0_WSA0_WSB0_VPR'.
Generating RTLIL representation for module `\RAM_CE1_FE1_D1_PR0_WSA0_WSB1_VPR'.
Generating RTLIL representation for module `\RAM_CE1_FE1_D1_PR0_WSA0_WSB2_VPR'.
Generating RTLIL representation for module `\RAM_CE1_FE1_D1_PR0_WSA1_WSB0_VPR'.
Generating RTLIL representation for module `\RAM_CE1_FE1_D1_PR0_WSA1_WSB1_VPR'.
Generating RTLIL representation for module `\RAM_CE1_FE1_D1_PR0_WSA1_WSB2_VPR'.
Generating RTLIL representation for module `\RAM_CE1_FE1_D1_PR0_WSA2_WSB0_VPR'.
Generating RTLIL representation for module `\RAM_CE1_FE1_D1_PR0_WSA2_WSB1_VPR'.
Generating RTLIL representation for module `\RAM_CE1_FE1_D1_PR0_WSA2_WSB2_VPR'.
Generating RTLIL representation for module `\RAM_CE1_FE1_D1_PR1_WSA0_WSB0_VPR'.
Generating RTLIL representation for module `\RAM_CE1_FE1_D1_PR1_WSA0_WSB1_VPR'.
Generating RTLIL representation for module `\RAM_CE1_FE1_D1_PR1_WSA0_WSB2_VPR'.
Generating RTLIL representation for module `\RAM_CE1_FE1_D1_PR1_WSA1_WSB0_VPR'.
Generating RTLIL representation for module `\RAM_CE1_FE1_D1_PR1_WSA1_WSB1_VPR'.
Generating RTLIL representation for module `\RAM_CE1_FE1_D1_PR1_WSA1_WSB2_VPR'.
Generating RTLIL representation for module `\RAM_CE1_FE1_D1_PR1_WSA2_WSB0_VPR'.
Generating RTLIL representation for module `\RAM_CE1_FE1_D1_PR1_WSA2_WSB1_VPR'.
Generating RTLIL representation for module `\RAM_CE1_FE1_D1_PR1_WSA2_WSB2_VPR'.
Successfully finished Verilog frontend.

4. Executing SYNTH_QUICKLOGIC pass.

4.1. Executing Verilog-2005 frontend: /data/data/com.termux/files/home/symbiflow/bin/../share/yosys/quicklogic/cells_sim.v
Parsing Verilog input from `/data/data/com.termux/files/home/symbiflow/bin/../share/yosys/quicklogic/cells_sim.v' to AST representation.
Generating RTLIL representation for module `\inv'.
Generating RTLIL representation for module `\buff'.
Generating RTLIL representation for module `\logic_0'.
Generating RTLIL representation for module `\logic_1'.
Generating RTLIL representation for module `\gclkbuff'.
Successfully finished Verilog frontend.

4.2. Executing Verilog-2005 frontend: /data/data/com.termux/files/home/symbiflow/bin/../share/yosys/quicklogic/pp3_cells_sim.v
Parsing Verilog input from `/data/data/com.termux/files/home/symbiflow/bin/../share/yosys/quicklogic/pp3_cells_sim.v' to AST representation.
Generating RTLIL representation for module `\LUT1'.
Generating RTLIL representation for module `\LUT2'.
Generating RTLIL representation for module `\LUT3'.
Generating RTLIL representation for module `\LUT4'.
Generating RTLIL representation for module `\inpad'.
Generating RTLIL representation for module `\outpad'.
Generating RTLIL representation for module `\ckpad'.
Generating RTLIL representation for module `\bipad'.
Generating RTLIL representation for module `\dff'.
Generating RTLIL representation for module `\dffc'.
Generating RTLIL representation for module `\dffp'.
Generating RTLIL representation for module `\dffpc'.
Generating RTLIL representation for module `\dffe'.
Generating RTLIL representation for module `\dffec'.
Generating RTLIL representation for module `\dffepc'.
Generating RTLIL representation for module `\AND2I0'.
Generating RTLIL representation for module `\mux2x0'.
Generating RTLIL representation for module `\mux2x1'.
Generating RTLIL representation for module `\mux4x0'.
Generating RTLIL representation for module `\mux8x0'.
Generating RTLIL representation for module `\logic_cell_macro'.
Generating RTLIL representation for module `\ahb_gen_bfm'.
Generating RTLIL representation for module `\oscillator_s1'.
Generating RTLIL representation for module `\sdma_bfm'.
Generating RTLIL representation for module `\ahb2fb_asynbrig_if'.
Generating RTLIL representation for module `\fb2ahb_asynbrig_if'.
Generating RTLIL representation for module `\ahb2fb_asynbrig'.
Generating RTLIL representation for module `\qlal4s3b_cell_macro_bfm'.
Generating RTLIL representation for module `\qlal4s3b_cell_macro'.
Generating RTLIL representation for module `\fifo_controller_model'.
Generating RTLIL representation for module `\ram'.
Warning: Replacing memory \ram with list of registers. See /data/data/com.termux/files/home/symbiflow/bin/../share/yosys/quicklogic/pp3_cells_sim.v:3671, /data/data/com.termux/files/home/symbiflow/bin/../share/yosys/quicklogic/pp3_cells_sim.v:3585, /data/data/com.termux/files/home/symbiflow/bin/../share/yosys/quicklogic/pp3_cells_sim.v:3560
Generating RTLIL representation for module `\x2_model'.
Generating RTLIL representation for module `\ram_block_8K'.
Generating RTLIL representation for module `\sw_mux'.
Generating RTLIL representation for module `\ram8k_2x1_cell'.
Generating RTLIL representation for module `\ram8k_2x1_cell_macro'.
Generating RTLIL representation for module `\gpio_cell_macro'.
Generating RTLIL representation for module `\qlal4s3_mult_32x32_cell'.
Generating RTLIL representation for module `\qlal4s3_mult_16x16_cell'.
Generating RTLIL representation for module `\signed_mult'.
Generating RTLIL representation for module `\qlal4s3_mult_cell_macro'.
Generating RTLIL representation for module `\RAM_8K_BLK'.
Generating RTLIL representation for module `\RAM_16K_BLK'.
Generating RTLIL representation for module `\FIFO_8K_BLK'.
Generating RTLIL representation for module `\FIFO_16K_BLK'.
Successfully finished Verilog frontend.

4.3. Executing HIERARCHY pass (managing design hierarchy).

4.3.1. Finding top of design hierarchy..
root of   1 design levels: helloworldfpga      
Automatically selected helloworldfpga as design top module.

4.3.2. Analyzing design hierarchy..
Top module:  \helloworldfpga

4.3.3. Analyzing design hierarchy..
Top module:  \helloworldfpga
Removed 0 unused modules.

4.4. Executing PROC pass (convert processes to netlists).

4.4.1. Executing PROC_CLEAN pass (remove empty switches from decision trees).
Cleaned up 0 empty switches.

4.4.2. Executing PROC_RMDEAD pass (remove dead branches from decision trees).
Marked 1 switch rules as full_case in process $proc$/data/data/com.termux/files/home/symbiflow/quicklogic-arch-defs/share/techmaps/quicklogic/pp3/techmap/cells_sim.v:4781$45 in module MULT.
Marked 2 switch rules as full_case in process $proc$/data/data/com.termux/files/home/symbiflow/quicklogic-arch-defs/share/techmaps/quicklogic/pp3/techmap/cells_sim.v:242$27 in module Q_FRAG.
Marked 1 switch rules as full_case in process $proc$/data/data/com.termux/files/home/fpga-examples/madhuassign/helloworldfpga.v:9$1 in module helloworldfpga.
Removed a total of 0 dead cases.

4.4.3. Executing PROC_PRUNE pass (remove redundant assignments in processes).
Removed 0 redundant assignments.
Promoted 9 assignments to connections.

4.4.4. Executing PROC_INIT pass (extract init attributes).
Found init rule in `\Q_FRAG.$proc$/data/data/com.termux/files/home/symbiflow/quicklogic-arch-defs/share/techmaps/quicklogic/pp3/techmap/cells_sim.v:0$28'.
  Set init value: \QZ = 1'0
Found init rule in `\helloworldfpga.$proc$/data/data/com.termux/files/home/fpga-examples/madhuassign/helloworldfpga.v:2$10'.
  Set init value: \d2 = 1'0
Found init rule in `\helloworldfpga.$proc$/data/data/com.termux/files/home/fpga-examples/madhuassign/helloworldfpga.v:2$9'.
  Set init value: \d1 = 1'0
Found init rule in `\helloworldfpga.$proc$/data/data/com.termux/files/home/fpga-examples/madhuassign/helloworldfpga.v:2$8'.
  Set init value: \d0 = 1'0

4.4.5. Executing PROC_ARST pass (detect async resets in processes).
Found async reset \QST in `\Q_FRAG.$proc$/data/data/com.termux/files/home/symbiflow/quicklogic-arch-defs/share/techmaps/quicklogic/pp3/techmap/cells_sim.v:242$27'.
Found async reset \QRT in `\Q_FRAG.$proc$/data/data/com.termux/files/home/symbiflow/quicklogic-arch-defs/share/techmaps/quicklogic/pp3/techmap/cells_sim.v:242$27'.

4.4.6. Executing PROC_MUX pass (convert decision trees to multiplexers).
Creating decoders for process `\MULT.$proc$/data/data/com.termux/files/home/symbiflow/quicklogic-arch-defs/share/techmaps/quicklogic/pp3/techmap/cells_sim.v:4781$45'.
     1/2: $0\Cmult[63:0] [63:32]
     2/2: $0\Cmult[63:0] [31:0]
Creating decoders for process `\Q_FRAG.$proc$/data/data/com.termux/files/home/symbiflow/quicklogic-arch-defs/share/techmaps/quicklogic/pp3/techmap/cells_sim.v:0$28'.
Creating decoders for process `\Q_FRAG.$proc$/data/data/com.termux/files/home/symbiflow/quicklogic-arch-defs/share/techmaps/quicklogic/pp3/techmap/cells_sim.v:242$27'.
     1/1: $0\QZ[0:0]
Creating decoders for process `\helloworldfpga.$proc$/data/data/com.termux/files/home/fpga-examples/madhuassign/helloworldfpga.v:2$10'.
Creating decoders for process `\helloworldfpga.$proc$/data/data/com.termux/files/home/fpga-examples/madhuassign/helloworldfpga.v:2$9'.
Creating decoders for process `\helloworldfpga.$proc$/data/data/com.termux/files/home/fpga-examples/madhuassign/helloworldfpga.v:2$8'.
Creating decoders for process `\helloworldfpga.$proc$/data/data/com.termux/files/home/fpga-examples/madhuassign/helloworldfpga.v:16$5'.
Creating decoders for process `\helloworldfpga.$proc$/data/data/com.termux/files/home/fpga-examples/madhuassign/helloworldfpga.v:9$1'.
     1/2: $1\delay[28:0]
     2/2: $1\mclk[0:0]

4.4.7. Executing PROC_DLATCH pass (convert process syncs to latches).

4.4.8. Executing PROC_DFF pass (convert process syncs to FFs).
Creating register for signal `\MULT.\Cmult' using process `\MULT.$proc$/data/data/com.termux/files/home/symbiflow/quicklogic-arch-defs/share/techmaps/quicklogic/pp3/techmap/cells_sim.v:4781$45'.
  created direct connection (no actual register cell created).
Creating register for signal `\Q_FRAG.\QZ' using process `\Q_FRAG.$proc$/data/data/com.termux/files/home/symbiflow/quicklogic-arch-defs/share/techmaps/quicklogic/pp3/techmap/cells_sim.v:242$27'.
Warning: Complex async reset for dff `\QZ'.
  created $dffsr cell `$procdff$902' with positive edge clock and multiple level-sensitive resets.
Creating register for signal `\helloworldfpga.\d0' using process `\helloworldfpga.$proc$/data/data/com.termux/files/home/fpga-examples/madhuassign/helloworldfpga.v:16$5'.
  created $dff cell `$procdff$903' with negative edge clock.
Creating register for signal `\helloworldfpga.\d1' using process `\helloworldfpga.$proc$/data/data/com.termux/files/home/fpga-examples/madhuassign/helloworldfpga.v:16$5'.
  created $dff cell `$procdff$904' with negative edge clock.
Creating register for signal `\helloworldfpga.\d2' using process `\helloworldfpga.$proc$/data/data/com.termux/files/home/fpga-examples/madhuassign/helloworldfpga.v:16$5'.
  created $dff cell `$procdff$905' with negative edge clock.
Creating register for signal `\helloworldfpga.\delay' using process `\helloworldfpga.$proc$/data/data/com.termux/files/home/fpga-examples/madhuassign/helloworldfpga.v:9$1'.
  created $dff cell `$procdff$906' with positive edge clock.
Creating register for signal `\helloworldfpga.\mclk' using process `\helloworldfpga.$proc$/data/data/com.termux/files/home/fpga-examples/madhuassign/helloworldfpga.v:9$1'.
  created $dff cell `$procdff$907' with positive edge clock.

4.4.9. Executing PROC_CLEAN pass (remove empty switches from decision trees).
Found and cleaned up 4 empty switches in `\MULT.$proc$/data/data/com.termux/files/home/symbiflow/quicklogic-arch-defs/share/techmaps/quicklogic/pp3/techmap/cells_sim.v:4781$45'.
Removing empty process `MULT.$proc$/data/data/com.termux/files/home/symbiflow/quicklogic-arch-defs/share/techmaps/quicklogic/pp3/techmap/cells_sim.v:4781$45'.
Removing empty process `Q_FRAG.$proc$/data/data/com.termux/files/home/symbiflow/quicklogic-arch-defs/share/techmaps/quicklogic/pp3/techmap/cells_sim.v:0$28'.
Found and cleaned up 1 empty switch in `\Q_FRAG.$proc$/data/data/com.termux/files/home/symbiflow/quicklogic-arch-defs/share/techmaps/quicklogic/pp3/techmap/cells_sim.v:242$27'.
Removing empty process `Q_FRAG.$proc$/data/data/com.termux/files/home/symbiflow/quicklogic-arch-defs/share/techmaps/quicklogic/pp3/techmap/cells_sim.v:242$27'.
Removing empty process `helloworldfpga.$proc$/data/data/com.termux/files/home/fpga-examples/madhuassign/helloworldfpga.v:2$10'.
Removing empty process `helloworldfpga.$proc$/data/data/com.termux/files/home/fpga-examples/madhuassign/helloworldfpga.v:2$9'.
Removing empty process `helloworldfpga.$proc$/data/data/com.termux/files/home/fpga-examples/madhuassign/helloworldfpga.v:2$8'.
Removing empty process `helloworldfpga.$proc$/data/data/com.termux/files/home/fpga-examples/madhuassign/helloworldfpga.v:16$5'.
Found and cleaned up 1 empty switch in `\helloworldfpga.$proc$/data/data/com.termux/files/home/fpga-examples/madhuassign/helloworldfpga.v:9$1'.
Removing empty process `helloworldfpga.$proc$/data/data/com.termux/files/home/fpga-examples/madhuassign/helloworldfpga.v:9$1'.
Cleaned up 6 empty switches.

4.5. Executing FLATTEN pass (flatten design).

4.6. Executing TRIBUF pass.

4.7. Executing OPT_EXPR pass (perform const folding).
Optimizing module helloworldfpga.

4.8. Executing OPT_CLEAN pass (remove unused cells and wires).
Finding unused cells or wires in module \helloworldfpga..
Removed 0 unused cells and 12 unused wires.
<suppressed ~1 debug messages>

4.9. Executing DEMINOUT pass (demote inout ports to input or output).

4.10. Executing OPT pass (performing simple optimizations).

4.10.1. Executing OPT_EXPR pass (perform const folding).
Optimizing module helloworldfpga.

4.10.2. Executing OPT_MERGE pass (detect identical cells).
Finding identical cells in module `\helloworldfpga'.
Removed a total of 0 cells.

4.10.3. Executing OPT_MUXTREE pass (detect dead branches in mux trees).
Running muxtree optimizer on module \helloworldfpga..
  Creating internal representation of mux trees.
  Evaluating internal representation of mux trees.
  Analyzing evaluation results.
Removed 0 multiplexer ports.
<suppressed ~2 debug messages>

4.10.4. Executing OPT_REDUCE pass (consolidate $*mux and $reduce_* inputs).
  Optimizing cells in module \helloworldfpga.
Performed a total of 0 changes.

4.10.5. Executing OPT_MERGE pass (detect identical cells).
Finding identical cells in module `\helloworldfpga'.
Removed a total of 0 cells.

4.10.6. Executing OPT_RMDFF pass (remove dff with constant values).

4.10.7. Executing OPT_CLEAN pass (remove unused cells and wires).
Finding unused cells or wires in module \helloworldfpga..

4.10.8. Executing OPT_EXPR pass (perform const folding).
Optimizing module helloworldfpga.

4.10.9. Finished OPT passes. (There is nothing left to do.)

4.11. Executing OPT_EXPR pass (perform const folding).
Optimizing module helloworldfpga.

4.12. Executing OPT_CLEAN pass (remove unused cells and wires).
Finding unused cells or wires in module \helloworldfpga..

4.13. Executing CHECK pass (checking for obvious problems).
checking module helloworldfpga..
found and reported 0 problems.

4.14. Executing OPT pass (performing simple optimizations).

4.14.1. Executing OPT_EXPR pass (perform const folding).
Optimizing module helloworldfpga.

4.14.2. Executing OPT_MERGE pass (detect identical cells).
Finding identical cells in module `\helloworldfpga'.
Removed a total of 0 cells.

4.14.3. Executing OPT_MUXTREE pass (detect dead branches in mux trees).
Running muxtree optimizer on module \helloworldfpga..
  Creating internal representation of mux trees.
  Evaluating internal representation of mux trees.
  Analyzing evaluation results.
Removed 0 multiplexer ports.
<suppressed ~2 debug messages>

4.14.4. Executing OPT_REDUCE pass (consolidate $*mux and $reduce_* inputs).
  Optimizing cells in module \helloworldfpga.
Performed a total of 0 changes.

4.14.5. Executing OPT_MERGE pass (detect identical cells).
Finding identical cells in module `\helloworldfpga'.
Removed a total of 0 cells.

4.14.6. Executing OPT_RMDFF pass (remove dff with constant values).

4.14.7. Executing OPT_CLEAN pass (remove unused cells and wires).
Finding unused cells or wires in module \helloworldfpga..

4.14.8. Executing OPT_EXPR pass (perform const folding).
Optimizing module helloworldfpga.

4.14.9. Finished OPT passes. (There is nothing left to do.)

4.15. Executing WREDUCE pass (reducing word size of cells).
Removed top 31 bits (of 32) from port B of cell helloworldfpga.$add$/data/data/com.termux/files/home/fpga-examples/madhuassign/helloworldfpga.v:10$2 ($add).
Removed top 3 bits (of 32) from port Y of cell helloworldfpga.$add$/data/data/com.termux/files/home/fpga-examples/madhuassign/helloworldfpga.v:10$2 ($add).
Removed top 6 bits (of 32) from port B of cell helloworldfpga.$gt$/data/data/com.termux/files/home/fpga-examples/madhuassign/helloworldfpga.v:11$3 ($gt).
Removed top 3 bits (of 32) from wire helloworldfpga.$add$/data/data/com.termux/files/home/fpga-examples/madhuassign/helloworldfpga.v:10$2_Y.

4.16. Executing PEEPOPT pass (run peephole optimizers).

4.17. Executing PMUXTREE pass.

4.18. Executing OPT_CLEAN pass (remove unused cells and wires).
Finding unused cells or wires in module \helloworldfpga..
Removed 0 unused cells and 1 unused wires.
<suppressed ~1 debug messages>

4.19. Executing ALUMACC pass (create $alu and $macc cells).
Extracting $alu and $macc cells in module helloworldfpga:
  creating $macc model for $add$/data/data/com.termux/files/home/fpga-examples/madhuassign/helloworldfpga.v:10$2 ($add).
  creating $alu model for $macc $add$/data/data/com.termux/files/home/fpga-examples/madhuassign/helloworldfpga.v:10$2.
  creating $alu model for $gt$/data/data/com.termux/files/home/fpga-examples/madhuassign/helloworldfpga.v:11$3 ($gt): new $alu
  creating $alu cell for $gt$/data/data/com.termux/files/home/fpga-examples/madhuassign/helloworldfpga.v:11$3: $auto$alumacc.cc:485:replace_alu$910
  creating $alu cell for $add$/data/data/com.termux/files/home/fpga-examples/madhuassign/helloworldfpga.v:10$2: $auto$alumacc.cc:485:replace_alu$915
  created 2 $alu and 0 $macc cells.

4.20. Executing OPT pass (performing simple optimizations).

4.20.1. Executing OPT_EXPR pass (perform const folding).
Optimizing module helloworldfpga.
<suppressed ~2 debug messages>

4.20.2. Executing OPT_MERGE pass (detect identical cells).
Finding identical cells in module `\helloworldfpga'.
Removed a total of 0 cells.

4.20.3. Executing OPT_MUXTREE pass (detect dead branches in mux trees).
Running muxtree optimizer on module \helloworldfpga..
  Creating internal representation of mux trees.
  Evaluating internal representation of mux trees.
  Analyzing evaluation results.
Removed 0 multiplexer ports.
<suppressed ~2 debug messages>

4.20.4. Executing OPT_REDUCE pass (consolidate $*mux and $reduce_* inputs).
  Optimizing cells in module \helloworldfpga.
Performed a total of 0 changes.

4.20.5. Executing OPT_MERGE pass (detect identical cells).
Finding identical cells in module `\helloworldfpga'.
Removed a total of 0 cells.

4.20.6. Executing OPT_RMDFF pass (remove dff with constant values).

4.20.7. Executing OPT_CLEAN pass (remove unused cells and wires).
Finding unused cells or wires in module \helloworldfpga..
Removed 1 unused cells and 2 unused wires.
<suppressed ~2 debug messages>

4.20.8. Executing OPT_EXPR pass (perform const folding).
Optimizing module helloworldfpga.

4.20.9. Rerunning OPT passes. (Maybe there is more to do..)

4.20.10. Executing OPT_MUXTREE pass (detect dead branches in mux trees).
Running muxtree optimizer on module \helloworldfpga..
  Creating internal representation of mux trees.
  Evaluating internal representation of mux trees.
  Analyzing evaluation results.
Removed 0 multiplexer ports.
<suppressed ~2 debug messages>

4.20.11. Executing OPT_REDUCE pass (consolidate $*mux and $reduce_* inputs).
  Optimizing cells in module \helloworldfpga.
Performed a total of 0 changes.

4.20.12. Executing OPT_MERGE pass (detect identical cells).
Finding identical cells in module `\helloworldfpga'.
Removed a total of 0 cells.

4.20.13. Executing OPT_RMDFF pass (remove dff with constant values).

4.20.14. Executing OPT_CLEAN pass (remove unused cells and wires).
Finding unused cells or wires in module \helloworldfpga..

4.20.15. Executing OPT_EXPR pass (perform const folding).
Optimizing module helloworldfpga.

4.20.16. Finished OPT passes. (There is nothing left to do.)

4.21. Executing FSM pass (extract and optimize FSM).

4.21.1. Executing FSM_DETECT pass (finding FSMs in design).

4.21.2. Executing FSM_EXTRACT pass (extracting FSM from design).

4.21.3. Executing FSM_OPT pass (simple optimizations of FSMs).

4.21.4. Executing OPT_CLEAN pass (remove unused cells and wires).
Finding unused cells or wires in module \helloworldfpga..

4.21.5. Executing FSM_OPT pass (simple optimizations of FSMs).

4.21.6. Executing FSM_RECODE pass (re-assigning FSM state encoding).

4.21.7. Executing FSM_INFO pass (dumping all available information on FSM cells).

4.21.8. Executing FSM_MAP pass (mapping FSMs to basic logic).

4.22. Executing OPT pass (performing simple optimizations).

4.22.1. Executing OPT_EXPR pass (perform const folding).
Optimizing module helloworldfpga.

4.22.2. Executing OPT_MERGE pass (detect identical cells).
Finding identical cells in module `\helloworldfpga'.
Removed a total of 0 cells.

4.22.3. Executing OPT_RMDFF pass (remove dff with constant values).

4.22.4. Executing OPT_CLEAN pass (remove unused cells and wires).
Finding unused cells or wires in module \helloworldfpga..

4.22.5. Finished fast OPT passes.

4.23. Executing MEMORY pass.

4.23.1. Executing OPT_MEM pass (optimize memories).
Performed a total of 0 transformations.

4.23.2. Executing MEMORY_DFF pass (merging $dff cells to $memrd and $memwr).

4.23.3. Executing OPT_CLEAN pass (remove unused cells and wires).
Finding unused cells or wires in module \helloworldfpga..

4.23.4. Executing MEMORY_SHARE pass (consolidating $memrd/$memwr cells).

4.23.5. Executing OPT_CLEAN pass (remove unused cells and wires).
Finding unused cells or wires in module \helloworldfpga..

4.23.6. Executing MEMORY_COLLECT pass (generating $mem cells).

4.24. Executing OPT_CLEAN pass (remove unused cells and wires).
Finding unused cells or wires in module \helloworldfpga..

4.25. Executing MEMORY_BRAM pass (mapping $mem cells to block memories).

4.26. Executing PP3_BRAMINIT pass.
cell type $auto$alumacc.cc:485:replace_alu$910
cell type $auto$alumacc.cc:485:replace_alu$915
cell type $logic_not$/data/data/com.termux/files/home/fpga-examples/madhuassign/helloworldfpga.v:12$4
cell type $logic_not$/data/data/com.termux/files/home/fpga-examples/madhuassign/helloworldfpga.v:19$7
cell type $logic_or$/data/data/com.termux/files/home/fpga-examples/madhuassign/helloworldfpga.v:19$6
cell type $procdff$903
cell type $procdff$904
cell type $procdff$905
cell type $procdff$906
cell type $procdff$907
cell type $procmux$885
cell type $procmux$888
cell type u_qlal4s3b_cell_macro

4.27. Executing TECHMAP pass (map to technology primitives).

4.27.1. Executing Verilog-2005 frontend: /data/data/com.termux/files/home/symbiflow/bin/../share/yosys/quicklogic/pp3_brams_map.v
Parsing Verilog input from `/data/data/com.termux/files/home/symbiflow/bin/../share/yosys/quicklogic/pp3_brams_map.v' to AST representation.
Generating RTLIL representation for module `\$__QUICKLOGIC_RAMB16K'.
/data/data/com.termux/files/home/symbiflow/bin/../share/yosys/quicklogic/pp3_brams_map.v:21: Warning: Identifier `\VCC' is implicitly declared.
/data/data/com.termux/files/home/symbiflow/bin/../share/yosys/quicklogic/pp3_brams_map.v:22: Warning: Identifier `\GND' is implicitly declared.
Generating RTLIL representation for module `\$__QUICKLOGIC_RAMB8K'.
/data/data/com.termux/files/home/symbiflow/bin/../share/yosys/quicklogic/pp3_brams_map.v:235: Warning: Identifier `\GND' is implicitly declared.
/data/data/com.termux/files/home/symbiflow/bin/../share/yosys/quicklogic/pp3_brams_map.v:236: Warning: Identifier `\VCC' is implicitly declared.
Generating RTLIL representation for module `\RAM_8K_BLK'.
/data/data/com.termux/files/home/symbiflow/bin/../share/yosys/quicklogic/pp3_brams_map.v:538: Warning: Range [17:0] select out of bounds on signal `\out_reg0': Setting 2 MSB bits to undef.
Generating RTLIL representation for module `\RAM_16K_BLK'.
/data/data/com.termux/files/home/symbiflow/bin/../share/yosys/quicklogic/pp3_brams_map.v:824: Warning: Range [35:0] select out of bounds on signal `\out_reg0': Setting 4 MSB bits to undef.
Generating RTLIL representation for module `\FIFO_8K_BLK'.
/data/data/com.termux/files/home/symbiflow/bin/../share/yosys/quicklogic/pp3_brams_map.v:998: Warning: Range [35:0] select out of bounds on signal `\out_reg0': Setting 20 MSB bits to undef.
Generating RTLIL representation for module `\FIFO_16K_BLK'.
/data/data/com.termux/files/home/symbiflow/bin/../share/yosys/quicklogic/pp3_brams_map.v:1249: Warning: Range [35:0] select out of bounds on signal `\out_reg0': Setting 4 MSB bits to undef.
Successfully finished Verilog frontend.

4.27.2. Continuing TECHMAP pass.
No more expansions possible.

4.28. Executing OPT pass (performing simple optimizations).

4.28.1. Executing OPT_EXPR pass (perform const folding).
Optimizing module helloworldfpga.

4.28.2. Executing OPT_MERGE pass (detect identical cells).
Finding identical cells in module `\helloworldfpga'.
Removed a total of 0 cells.

4.28.3. Executing OPT_RMDFF pass (remove dff with constant values).

4.28.4. Executing OPT_CLEAN pass (remove unused cells and wires).
Finding unused cells or wires in module \helloworldfpga..

4.28.5. Finished fast OPT passes.

4.29. Executing MEMORY_MAP pass (converting $mem cells to logic and flip-flops).

4.30. Executing OPT pass (performing simple optimizations).

4.30.1. Executing OPT_EXPR pass (perform const folding).
Optimizing module helloworldfpga.

4.30.2. Executing OPT_MERGE pass (detect identical cells).
Finding identical cells in module `\helloworldfpga'.
Removed a total of 0 cells.

4.30.3. Executing OPT_MUXTREE pass (detect dead branches in mux trees).
Running muxtree optimizer on module \helloworldfpga..
  Creating internal representation of mux trees.
  Evaluating internal representation of mux trees.
  Analyzing evaluation results.
Removed 0 multiplexer ports.
<suppressed ~2 debug messages>

4.30.4. Executing OPT_REDUCE pass (consolidate $*mux and $reduce_* inputs).
  Optimizing cells in module \helloworldfpga.
Performed a total of 0 changes.

4.30.5. Executing OPT_MERGE pass (detect identical cells).
Finding identical cells in module `\helloworldfpga'.
Removed a total of 0 cells.

4.30.6. Executing OPT_RMDFF pass (remove dff with constant values).

4.30.7. Executing OPT_CLEAN pass (remove unused cells and wires).
Finding unused cells or wires in module \helloworldfpga..

4.30.8. Executing OPT_EXPR pass (perform const folding).
Optimizing module helloworldfpga.

4.30.9. Finished OPT passes. (There is nothing left to do.)

4.31. Executing TECHMAP pass (map to technology primitives).

4.31.1. Executing Verilog-2005 frontend: /data/data/com.termux/files/home/symbiflow/bin/../share/yosys/techmap.v
Parsing Verilog input from `/data/data/com.termux/files/home/symbiflow/bin/../share/yosys/techmap.v' to AST representation.
Generating RTLIL representation for module `\_90_simplemap_bool_ops'.
Generating RTLIL representation for module `\_90_simplemap_reduce_ops'.
Generating RTLIL representation for module `\_90_simplemap_logic_ops'.
Generating RTLIL representation for module `\_90_simplemap_compare_ops'.
Generating RTLIL representation for module `\_90_simplemap_various'.
Generating RTLIL representation for module `\_90_simplemap_registers'.
Generating RTLIL representation for module `\_90_shift_ops_shr_shl_sshl_sshr'.
Generating RTLIL representation for module `\_90_shift_shiftx'.
Generating RTLIL representation for module `\_90_fa'.
Generating RTLIL representation for module `\_90_lcu'.
Generating RTLIL representation for module `\_90_alu'.
Generating RTLIL representation for module `\_90_macc'.
Generating RTLIL representation for module `\_90_alumacc'.
Generating RTLIL representation for module `\$__div_mod_u'.
Generating RTLIL representation for module `\$__div_mod_trunc'.
Generating RTLIL representation for module `\_90_div'.
Generating RTLIL representation for module `\_90_mod'.
Generating RTLIL representation for module `\$__div_mod_floor'.
Generating RTLIL representation for module `\_90_divfloor'.
Generating RTLIL representation for module `\_90_modfloor'.
Generating RTLIL representation for module `\_90_pow'.
Generating RTLIL representation for module `\_90_pmux'.
Generating RTLIL representation for module `\_90_lut'.
Successfully finished Verilog frontend.

4.31.2. Continuing TECHMAP pass.
Using template $paramod\_90_alu\A_SIGNED=0\B_SIGNED=0\A_WIDTH=1\B_WIDTH=29\Y_WIDTH=29 for cells of type $alu.
Using extmapper simplemap for cells of type $logic_not.
Using extmapper simplemap for cells of type $logic_or.
Using extmapper simplemap for cells of type $mux.
Using template $paramod\_90_alu\A_SIGNED=0\B_SIGNED=0\A_WIDTH=26\B_WIDTH=29\Y_WIDTH=29 for cells of type $alu.
Using extmapper simplemap for cells of type $dff.
Using extmapper simplemap for cells of type $xor.
Using extmapper simplemap for cells of type $and.
Using template $paramod\_90_lcu\WIDTH=29 for cells of type $lcu.
Using extmapper simplemap for cells of type $pos.
Using extmapper simplemap for cells of type $not.
Using extmapper simplemap for cells of type $or.
No more expansions possible.
<suppressed ~428 debug messages>

4.32. Executing OPT pass (performing simple optimizations).

4.32.1. Executing OPT_EXPR pass (perform const folding).
Optimizing module helloworldfpga.
<suppressed ~303 debug messages>

4.32.2. Executing OPT_MERGE pass (detect identical cells).
Finding identical cells in module `\helloworldfpga'.
<suppressed ~6 debug messages>
Removed a total of 2 cells.

4.32.3. Executing OPT_RMDFF pass (remove dff with constant values).

4.32.4. Executing OPT_CLEAN pass (remove unused cells and wires).
Finding unused cells or wires in module \helloworldfpga..
Removed 88 unused cells and 186 unused wires.
<suppressed ~89 debug messages>

4.32.5. Finished fast OPT passes.

4.33. Executing MUXCOVER pass (mapping to wider MUXes).
Covering MUX trees in module helloworldfpga..
  Treeifying 30 MUXes:
    Found tree with 1 MUXes at root $0\delay[28:0] [0].
    Found tree with 1 MUXes at root $0\delay[28:0] [1].
    Found tree with 1 MUXes at root $0\delay[28:0] [2].
    Found tree with 1 MUXes at root $0\delay[28:0] [3].
    Found tree with 1 MUXes at root $0\delay[28:0] [4].
    Found tree with 1 MUXes at root $0\delay[28:0] [5].
    Found tree with 1 MUXes at root $0\delay[28:0] [6].
    Found tree with 1 MUXes at root $0\delay[28:0] [7].
    Found tree with 1 MUXes at root $0\delay[28:0] [8].
    Found tree with 1 MUXes at root $0\delay[28:0] [9].
    Found tree with 1 MUXes at root $0\delay[28:0] [10].
    Found tree with 1 MUXes at root $0\delay[28:0] [11].
    Found tree with 1 MUXes at root $0\delay[28:0] [12].
    Found tree with 1 MUXes at root $0\delay[28:0] [13].
    Found tree with 1 MUXes at root $0\delay[28:0] [14].
    Found tree with 1 MUXes at root $0\delay[28:0] [15].
    Found tree with 1 MUXes at root $0\delay[28:0] [16].
    Found tree with 1 MUXes at root $0\delay[28:0] [17].
    Found tree with 1 MUXes at root $0\delay[28:0] [18].
    Found tree with 1 MUXes at root $0\delay[28:0] [19].
    Found tree with 1 MUXes at root $0\delay[28:0] [20].
    Found tree with 1 MUXes at root $0\delay[28:0] [21].
    Found tree with 1 MUXes at root $0\delay[28:0] [22].
    Found tree with 1 MUXes at root $0\delay[28:0] [23].
    Found tree with 1 MUXes at root $0\delay[28:0] [24].
    Found tree with 1 MUXes at root $0\delay[28:0] [25].
    Found tree with 1 MUXes at root $0\delay[28:0] [26].
    Found tree with 1 MUXes at root $0\delay[28:0] [27].
    Found tree with 1 MUXes at root $0\delay[28:0] [28].
    Found tree with 1 MUXes at root $0\mclk[0:0].
    Finished treeification: Found 30 trees.
  Covering trees:
    Replaced tree at $0\delay[28:0] [0]: 1 MUX2, 0 MUX4, 0 MUX8, 0 MUX16
    Replaced tree at $0\delay[28:0] [1]: 1 MUX2, 0 MUX4, 0 MUX8, 0 MUX16
    Replaced tree at $0\delay[28:0] [2]: 1 MUX2, 0 MUX4, 0 MUX8, 0 MUX16
    Replaced tree at $0\delay[28:0] [3]: 1 MUX2, 0 MUX4, 0 MUX8, 0 MUX16
    Replaced tree at $0\delay[28:0] [4]: 1 MUX2, 0 MUX4, 0 MUX8, 0 MUX16
    Replaced tree at $0\delay[28:0] [5]: 1 MUX2, 0 MUX4, 0 MUX8, 0 MUX16
    Replaced tree at $0\delay[28:0] [6]: 1 MUX2, 0 MUX4, 0 MUX8, 0 MUX16
    Replaced tree at $0\delay[28:0] [7]: 1 MUX2, 0 MUX4, 0 MUX8, 0 MUX16
    Replaced tree at $0\delay[28:0] [8]: 1 MUX2, 0 MUX4, 0 MUX8, 0 MUX16
    Replaced tree at $0\delay[28:0] [9]: 1 MUX2, 0 MUX4, 0 MUX8, 0 MUX16
    Replaced tree at $0\delay[28:0] [10]: 1 MUX2, 0 MUX4, 0 MUX8, 0 MUX16
    Replaced tree at $0\delay[28:0] [11]: 1 MUX2, 0 MUX4, 0 MUX8, 0 MUX16
    Replaced tree at $0\delay[28:0] [12]: 1 MUX2, 0 MUX4, 0 MUX8, 0 MUX16
    Replaced tree at $0\delay[28:0] [13]: 1 MUX2, 0 MUX4, 0 MUX8, 0 MUX16
    Replaced tree at $0\delay[28:0] [14]: 1 MUX2, 0 MUX4, 0 MUX8, 0 MUX16
    Replaced tree at $0\delay[28:0] [15]: 1 MUX2, 0 MUX4, 0 MUX8, 0 MUX16
    Replaced tree at $0\delay[28:0] [16]: 1 MUX2, 0 MUX4, 0 MUX8, 0 MUX16
    Replaced tree at $0\delay[28:0] [17]: 1 MUX2, 0 MUX4, 0 MUX8, 0 MUX16
    Replaced tree at $0\delay[28:0] [18]: 1 MUX2, 0 MUX4, 0 MUX8, 0 MUX16
    Replaced tree at $0\delay[28:0] [19]: 1 MUX2, 0 MUX4, 0 MUX8, 0 MUX16
    Replaced tree at $0\delay[28:0] [20]: 1 MUX2, 0 MUX4, 0 MUX8, 0 MUX16
    Replaced tree at $0\delay[28:0] [21]: 1 MUX2, 0 MUX4, 0 MUX8, 0 MUX16
    Replaced tree at $0\delay[28:0] [22]: 1 MUX2, 0 MUX4, 0 MUX8, 0 MUX16
    Replaced tree at $0\delay[28:0] [23]: 1 MUX2, 0 MUX4, 0 MUX8, 0 MUX16
    Replaced tree at $0\delay[28:0] [24]: 1 MUX2, 0 MUX4, 0 MUX8, 0 MUX16
    Replaced tree at $0\delay[28:0] [25]: 1 MUX2, 0 MUX4, 0 MUX8, 0 MUX16
    Replaced tree at $0\delay[28:0] [26]: 1 MUX2, 0 MUX4, 0 MUX8, 0 MUX16
    Replaced tree at $0\delay[28:0] [27]: 1 MUX2, 0 MUX4, 0 MUX8, 0 MUX16
    Replaced tree at $0\delay[28:0] [28]: 1 MUX2, 0 MUX4, 0 MUX8, 0 MUX16
    Replaced tree at $0\mclk[0:0]: 1 MUX2, 0 MUX4, 0 MUX8, 0 MUX16
  Added a total of 0 decoder MUXes.
<suppressed ~751 debug messages>

4.34. Executing OPT_EXPR pass (perform const folding).
Optimizing module helloworldfpga.

4.35. Executing OPT pass (performing simple optimizations).

4.35.1. Executing OPT_EXPR pass (perform const folding).
Optimizing module helloworldfpga.

4.35.2. Executing OPT_MERGE pass (detect identical cells).
Finding identical cells in module `\helloworldfpga'.
Removed a total of 0 cells.

4.35.3. Executing OPT_RMDFF pass (remove dff with constant values).

4.35.4. Executing OPT_CLEAN pass (remove unused cells and wires).
Finding unused cells or wires in module \helloworldfpga..

4.35.5. Finished fast OPT passes.

4.36. Executing OPT_EXPR pass (perform const folding).
Optimizing module helloworldfpga.

4.37. Executing OPT_MERGE pass (detect identical cells).
Finding identical cells in module `\helloworldfpga'.
Removed a total of 0 cells.

4.38. Executing OPT_RMDFF pass (remove dff with constant values).

4.39. Executing OPT_CLEAN pass (remove unused cells and wires).
Finding unused cells or wires in module \helloworldfpga..

4.40. Executing OPT pass (performing simple optimizations).

4.40.1. Executing OPT_EXPR pass (perform const folding).
Optimizing module helloworldfpga.

4.40.2. Executing OPT_MERGE pass (detect identical cells).
Finding identical cells in module `\helloworldfpga'.
Removed a total of 0 cells.

4.40.3. Executing OPT_MUXTREE pass (detect dead branches in mux trees).
Running muxtree optimizer on module \helloworldfpga..
  Creating internal representation of mux trees.
  No muxes found in this module.
Removed 0 multiplexer ports.

4.40.4. Executing OPT_REDUCE pass (consolidate $*mux and $reduce_* inputs).
  Optimizing cells in module \helloworldfpga.
Performed a total of 0 changes.

4.40.5. Executing OPT_MERGE pass (detect identical cells).
Finding identical cells in module `\helloworldfpga'.
Removed a total of 0 cells.

4.40.6. Executing OPT_RMDFF pass (remove dff with constant values).

4.40.7. Executing OPT_CLEAN pass (remove unused cells and wires).
Finding unused cells or wires in module \helloworldfpga..

4.40.8. Executing OPT_EXPR pass (perform const folding).
Optimizing module helloworldfpga.

4.40.9. Finished OPT passes. (There is nothing left to do.)

4.41. Executing OPT_EXPR pass (perform const folding).
Optimizing module helloworldfpga.

4.42. Executing DFF2DFFE pass (transform $dff to $dffe where applicable).
Transforming FF to FF+Enable cells in module helloworldfpga:
  created $_DFFE_PP_ cell $auto$dff2dffe.cc:219:handle_dff_cell$1873 for $0\mclk[0:0] -> \mclk.
  removing now obsolete cell $auto$simplemap.cc:420:simplemap_dff$1079.

4.43. Executing TECHMAP pass (map to technology primitives).

4.43.1. Executing Verilog-2005 frontend: /data/data/com.termux/files/home/symbiflow/bin/../share/yosys/quicklogic/pp3_ffs_map.v
Parsing Verilog input from `/data/data/com.termux/files/home/symbiflow/bin/../share/yosys/quicklogic/pp3_ffs_map.v' to AST representation.
Generating RTLIL representation for module `\$_DFF_N_'.
Generating RTLIL representation for module `\$_DFF_P_'.
Generating RTLIL representation for module `\$_DFF_NN0_'.
Generating RTLIL representation for module `\$_DFF_NN1_'.
Generating RTLIL representation for module `\$_DFF_NP0_'.
Generating RTLIL representation for module `\$_DFF_NP1_'.
Generating RTLIL representation for module `\$_DFF_PN0_'.
Generating RTLIL representation for module `\$_DFF_PN1_'.
Generating RTLIL representation for module `\$_DFF_PP0_'.
Generating RTLIL representation for module `\$_DFF_PP1_'.
Generating RTLIL representation for module `\$_DFFSR_NPP_'.
Generating RTLIL representation for module `\$_DFFSR_PPP_'.
Generating RTLIL representation for module `\$_DFFE_NN_'.
Generating RTLIL representation for module `\$_DFFE_NP_'.
Generating RTLIL representation for module `\$_DFFE_PN_'.
Generating RTLIL representation for module `\$_DFFE_PP_'.
Successfully finished Verilog frontend.

4.43.2. Continuing TECHMAP pass.
Using template \$_DFF_P_ for cells of type $_DFF_P_.
Using template \$_DFFE_PP_ for cells of type $_DFFE_PP_.
Using template \$_DFF_N_ for cells of type $_DFF_N_.
No more expansions possible.
<suppressed ~33 debug messages>

4.44. Executing OPT_EXPR pass (perform const folding).
Optimizing module helloworldfpga.
<suppressed ~2 debug messages>

4.45. Executing SIMPLEMAP pass (map simple cells to gate primitives).

4.46. Executing OPT_EXPR pass (perform const folding).
Optimizing module helloworldfpga.

4.47. Executing OPT_MERGE pass (detect identical cells).
Finding identical cells in module `\helloworldfpga'.
Removed a total of 0 cells.

4.48. Executing OPT_RMDFF pass (remove dff with constant values).

4.49. Executing OPT_CLEAN pass (remove unused cells and wires).
Finding unused cells or wires in module \helloworldfpga..
Removed 0 unused cells and 103 unused wires.
<suppressed ~1 debug messages>

4.50. Executing OPT pass (performing simple optimizations).

4.50.1. Executing OPT_EXPR pass (perform const folding).
Optimizing module helloworldfpga.

4.50.2. Executing OPT_MERGE pass (detect identical cells).
Finding identical cells in module `\helloworldfpga'.
Removed a total of 0 cells.

4.50.3. Executing OPT_MUXTREE pass (detect dead branches in mux trees).
Running muxtree optimizer on module \helloworldfpga..
  Creating internal representation of mux trees.
  No muxes found in this module.
Removed 0 multiplexer ports.

4.50.4. Executing OPT_REDUCE pass (consolidate $*mux and $reduce_* inputs).
  Optimizing cells in module \helloworldfpga.
Performed a total of 0 changes.

4.50.5. Executing OPT_MERGE pass (detect identical cells).
Finding identical cells in module `\helloworldfpga'.
Removed a total of 0 cells.

4.50.6. Executing OPT_RMDFF pass (remove dff with constant values).

4.50.7. Executing OPT_CLEAN pass (remove unused cells and wires).
Finding unused cells or wires in module \helloworldfpga..

4.50.8. Executing OPT_EXPR pass (perform const folding).
Optimizing module helloworldfpga.

4.50.9. Finished OPT passes. (There is nothing left to do.)

4.51. Executing TECHMAP pass (map to technology primitives).

4.51.1. Executing Verilog-2005 frontend: /data/data/com.termux/files/home/symbiflow/bin/../share/yosys/quicklogic/pp3_latches_map.v
Parsing Verilog input from `/data/data/com.termux/files/home/symbiflow/bin/../share/yosys/quicklogic/pp3_latches_map.v' to AST representation.
Generating RTLIL representation for module `\$_DLATCH_P_'.
Generating RTLIL representation for module `\$_DLATCH_N_'.
Generating RTLIL representation for module `\$_DLATCHSR_NNN_'.
Generating RTLIL representation for module `\$_DLATCHSR_NNP_'.
Generating RTLIL representation for module `\$_DLATCHSR_NPN_'.
Generating RTLIL representation for module `\$_DLATCHSR_NPP_'.
Generating RTLIL representation for module `\$_DLATCHSR_PNN_'.
Generating RTLIL representation for module `\$_DLATCHSR_PNP_'.
Generating RTLIL representation for module `\$_DLATCHSR_PPN_'.
Generating RTLIL representation for module `\$_DLATCHSR_PPP_'.
Successfully finished Verilog frontend.

4.51.2. Continuing TECHMAP pass.
No more expansions possible.

4.52. Executing ABC pass (technology mapping using ABC).

4.52.1. Extracting gate netlist of module `\helloworldfpga' to `<abc-temp-dir>/input.blif'..
Extracted 184 gates and 217 wires to a netlist network with 32 inputs and 32 outputs.

4.52.1.1. Executing ABC.
Running ABC command: <yosys-exe-dir>/yosys-abc -s -f <abc-temp-dir>/abc.script 2>&1
ABC: ABC command line: "source <abc-temp-dir>/abc.script".
ABC: 
ABC: + read_blif <abc-temp-dir>/input.blif 
ABC: + read_lut <abc-temp-dir>/lutdefs.txt 
ABC: + strash 
ABC: + ifraig 
ABC: + scorr 
ABC: Warning: The network is combinational (run "fraig" or "fraig_sweep").
ABC: + dc2 
ABC: + dretime 
ABC: + strash 
ABC: + dch -f 
ABC: + if 
ABC: + mfs2 
ABC: + write_blif <abc-temp-dir>/output.blif 

4.52.1.2. Re-integrating ABC results.
ABC RESULTS:              $lut cells:       68
ABC RESULTS:        internal signals:      153
ABC RESULTS:           input signals:       32
ABC RESULTS:          output signals:       32
Removing temp directory.

4.53. Executing TECHMAP pass (map to technology primitives).

4.53.1. Executing Verilog-2005 frontend: /data/data/com.termux/files/home/symbiflow/bin/../share/yosys/quicklogic/pp3_ffs_map.v
Parsing Verilog input from `/data/data/com.termux/files/home/symbiflow/bin/../share/yosys/quicklogic/pp3_ffs_map.v' to AST representation.
Generating RTLIL representation for module `\$_DFF_N_'.
Generating RTLIL representation for module `\$_DFF_P_'.
Generating RTLIL representation for module `\$_DFF_NN0_'.
Generating RTLIL representation for module `\$_DFF_NN1_'.
Generating RTLIL representation for module `\$_DFF_NP0_'.
Generating RTLIL representation for module `\$_DFF_NP1_'.
Generating RTLIL representation for module `\$_DFF_PN0_'.
Generating RTLIL representation for module `\$_DFF_PN1_'.
Generating RTLIL representation for module `\$_DFF_PP0_'.
Generating RTLIL representation for module `\$_DFF_PP1_'.
Generating RTLIL representation for module `\$_DFFSR_NPP_'.
Generating RTLIL representation for module `\$_DFFSR_PPP_'.
Generating RTLIL representation for module `\$_DFFE_NN_'.
Generating RTLIL representation for module `\$_DFFE_NP_'.
Generating RTLIL representation for module `\$_DFFE_PN_'.
Generating RTLIL representation for module `\$_DFFE_PP_'.
Successfully finished Verilog frontend.

4.53.2. Continuing TECHMAP pass.
No more expansions possible.
Removed 0 unused cells and 129 unused wires.

4.54. Executing TECHMAP pass (map to technology primitives).

4.54.1. Executing Verilog-2005 frontend: /data/data/com.termux/files/home/symbiflow/bin/../share/yosys/quicklogic/pp3_cells_map.v
Parsing Verilog input from `/data/data/com.termux/files/home/symbiflow/bin/../share/yosys/quicklogic/pp3_cells_map.v' to AST representation.
Generating RTLIL representation for module `\$_MUX8_'.
Generating RTLIL representation for module `\$_MUX4_'.
Generating RTLIL representation for module `\$_MUX_'.
Generating RTLIL representation for module `\$_NOT_'.
Generating RTLIL representation for module `\qlal4s3_mult_16x16_cell'.
/data/data/com.termux/files/home/symbiflow/bin/../share/yosys/quicklogic/pp3_cells_map.v:44: Warning: Identifier `\Valid_mult_w' is implicitly declared.
Successfully finished Verilog frontend.

4.54.2. Executing Verilog-2005 frontend: /data/data/com.termux/files/home/symbiflow/bin/../share/yosys/quicklogic/pp3_lut_map.v
Parsing Verilog input from `/data/data/com.termux/files/home/symbiflow/bin/../share/yosys/quicklogic/pp3_lut_map.v' to AST representation.
Generating RTLIL representation for module `\$lut'.
Successfully finished Verilog frontend.

4.54.3. Continuing TECHMAP pass.
Using template $paramod\$lut\WIDTH=4\LUT=16'1000000000000000 for cells of type $lut.
Using template $paramod\$lut\WIDTH=3\LUT=8'01111000 for cells of type $lut.
Using template $paramod\$lut\WIDTH=2\LUT=4'0110 for cells of type $lut.
Using template $paramod\$lut\WIDTH=2\LUT=4'1000 for cells of type $lut.
Using template $paramod\$lut\WIDTH=3\LUT=8'10000000 for cells of type $lut.
Using template $paramod\$lut\WIDTH=4\LUT=16'0111110000000000 for cells of type $lut.
Using template $paramod\$lut\WIDTH=4\LUT=16'0100001100000111 for cells of type $lut.
Using template $paramod\$lut\WIDTH=4\LUT=16'1100000000101011 for cells of type $lut.
Using template $paramod\$lut\WIDTH=3\LUT=8'11010000 for cells of type $lut.
Using template $paramod\$lut\WIDTH=3\LUT=8'10000001 for cells of type $lut.
Using template $paramod\$lut\WIDTH=3\LUT=8'00010000 for cells of type $lut.
Using template $paramod\$lut\WIDTH=3\LUT=8'00001101 for cells of type $lut.
Using template $paramod\$lut\WIDTH=3\LUT=8'00000001 for cells of type $lut.
Using template $paramod\$lut\WIDTH=4\LUT=16'0001111100000000 for cells of type $lut.
Using template $paramod\$lut\WIDTH=4\LUT=16'0101011100010011 for cells of type $lut.
Using template $paramod\$lut\WIDTH=2\LUT=4'0100 for cells of type $lut.
Using template $paramod\$lut\WIDTH=3\LUT=8'00010100 for cells of type $lut.
Using template $paramod\$lut\WIDTH=2\LUT=4'0001 for cells of type $lut.
Using template $paramod\$lut\WIDTH=1\LUT=2'01 for cells of type $lut.
No more expansions possible.
<suppressed ~315 debug messages>
Removed 0 unused cells and 136 unused wires.

4.55. Executing Quicklogic_EQN pass (calculate equations for luts).

4.56. Updated 68 of LUT* elements with equation.

4.57. Executing AUTONAME pass.
Renamed 510 objects in module helloworldfpga (13 iterations).
<suppressed ~150 debug messages>

4.58. Executing HIERARCHY pass (managing design hierarchy).

4.58.1. Analyzing design hierarchy..
Top module:  \helloworldfpga

4.58.2. Analyzing design hierarchy..
Top module:  \helloworldfpga
Removed 0 unused modules.

4.59. Printing statistics.

=== helloworldfpga ===

   Number of wires:                 56
   Number of wire bits:            112
   Number of public wires:          56
   Number of public wire bits:     112
   Number of memories:               0
   Number of memory bits:            0
   Number of processes:              0
   Number of cells:                105
     LUT1                            1
     LUT2                           19
     LUT3                           35
     LUT4                           13
     dff                            32
     dffe                            1
     inv                             3
     qlal4s3b_cell_macro             1

4.60. Executing CHECK pass (checking for obvious problems).
checking module helloworldfpga..
Warning: Wire helloworldfpga.d0 has an unprocessed 'init' attribute.
Warning: Wire helloworldfpga.d1 has an unprocessed 'init' attribute.
Warning: Wire helloworldfpga.d2 has an unprocessed 'init' attribute.
found and reported 3 problems.

4.61. Executing CLKBUFMAP pass (inserting global clock buffers).
Inserting $_BUF_ on helloworldfpga.d0_dff_Q_CLK[0].
Inserting $_BUF_ on helloworldfpga.d2_dff_Q_CLK[0].
Inserting $_BUF_ on helloworldfpga.d1_dff_Q_CLK[0].
Inserting $_BUF_ on helloworldfpga.clk[0].

4.62. Executing IOPADMAP pass (mapping inputs/outputs to IO-PAD cells).
Mapping port helloworldfpga.cl using outpad.
Mapping port helloworldfpga.d0 using outpad.
Mapping port helloworldfpga.d1 using outpad.
Mapping port helloworldfpga.d2 using outpad.
Mapping port helloworldfpga.q0 using inpad.
Mapping port helloworldfpga.q1 using inpad.
Mapping port helloworldfpga.q2 using inpad.

4.63. Executing SPLITNETS pass (splitting up multi-bit signals).

4.64. Executing SETUNDEF pass (replace undef values with defined constants).

4.65. Executing HILOMAP pass (mapping to constant drivers).

4.66. Executing OPT_CLEAN pass (remove unused cells and wires).
Finding unused cells or wires in module \helloworldfpga..
Removed 0 unused cells and 8 unused wires.
<suppressed ~7 debug messages>

4.67. Executing CHECK pass (checking for obvious problems).
checking module helloworldfpga..
found and reported 0 problems.

5. Printing statistics.

=== helloworldfpga ===

   Number of wires:                116
   Number of wire bits:            116
   Number of public wires:         110
   Number of public wire bits:     110
   Number of memories:               0
   Number of memory bits:            0
   Number of processes:              0
   Number of cells:                113
     LUT1                            1
     LUT2                           19
     LUT3                           35
     LUT4                           13
     dff                            32
     dffe                            1
     inpad                           3
     inv                             3
     logic_0                         1
     outpad                          4
     qlal4s3b_cell_macro             1

Loading PCF from '/data/data/com.termux/files/home/fpga-examples/madhuassign/quickfeather.pcf'...
Loading pinmap CSV from '/data/data/com.termux/files/home/symbiflow/quicklogic-arch-defs/share/arch/ql-eos-s3_wlcsp/pinmap_PU64.csv'...
Processing cells...
  type       | net        | pad        | loc      | type     | instance
 ------------+------------+------------+----------+----------+-----------
  outpad     | cl         | 34         | X22Y32   | BIDIR    | $iopadmap$helloworldfpga.cl
  outpad     | d0         | 38         | X30Y32   | BIDIR    | $iopadmap$helloworldfpga.d0
  outpad     | d1         | 36         | X28Y32   | BIDIR    | $iopadmap$helloworldfpga.d1
  outpad     | d2         | 37         | X26Y32   | BIDIR    | $iopadmap$helloworldfpga.d2
  inpad      | q0         | 6          | X8Y3     | BIDIR    | $iopadmap$helloworldfpga.q0
  inpad      | q1         | 3          | X12Y3    | BIDIR    | $iopadmap$helloworldfpga.q1
  inpad      | q2         | 62         | X16Y3    | BIDIR    | $iopadmap$helloworldfpga.q2

6. Executing Verilog backend.
Dumping module `\helloworldfpga'.

7. Executing TECHMAP pass (map to technology primitives).

7.1. Executing Verilog-2005 frontend: /data/data/com.termux/files/home/symbiflow/quicklogic-arch-defs/share/techmaps/quicklogic/pp3/techmap/cells_map.v
Parsing Verilog input from `/data/data/com.termux/files/home/symbiflow/quicklogic-arch-defs/share/techmaps/quicklogic/pp3/techmap/cells_map.v' to AST representation.
Generating RTLIL representation for module `\logic_0'.
Generating RTLIL representation for module `\logic_1'.
Generating RTLIL representation for module `\inpad'.
Generating RTLIL representation for module `\outpad'.
Generating RTLIL representation for module `\bipad'.
Generating RTLIL representation for module `\ckpad'.
Generating RTLIL representation for module `\qhsckibuff'.
Generating RTLIL representation for module `\qhsckbuff'.
Generating RTLIL representation for module `\gclkbuff'.
Generating RTLIL representation for module `\logic_cell_macro'.
Generating RTLIL representation for module `\inv'.
Generating RTLIL representation for module `\mux2x0'.
Generating RTLIL representation for module `\mux4x0'.
Generating RTLIL representation for module `\mux8x0'.
Generating RTLIL representation for module `\LUT1'.
Generating RTLIL representation for module `\LUT2'.
Generating RTLIL representation for module `\LUT3'.
Generating RTLIL representation for module `\LUT4'.
Generating RTLIL representation for module `\dff'.
Generating RTLIL representation for module `\dffc'.
Generating RTLIL representation for module `\dffp'.
Generating RTLIL representation for module `\dffpc'.
Generating RTLIL representation for module `\dffe'.
Generating RTLIL representation for module `\dffec'.
Generating RTLIL representation for module `\dffepc'.
Generating RTLIL representation for module `\dffsc'.
Generating RTLIL representation for module `\qlal4s3b_cell_macro'.
Generating RTLIL representation for module `\qlal4s3_mult_32x32_cell'.
Generating RTLIL representation for module `\qlal4s3_mult_16x16_cell'.
Generating RTLIL representation for module `\qlal4s3_mult_cell_macro'.
Successfully finished Verilog frontend.

7.2. Continuing TECHMAP pass.
Using template logic_0 for cells of type logic_0.
No more expansions possible.
<suppressed ~1 debug messages>

8. Executing TECHMAP pass (map to technology primitives).

8.1. Executing Verilog-2005 frontend: /data/data/com.termux/files/home/symbiflow/quicklogic-arch-defs/share/techmaps/quicklogic/pp3/techmap/cells_map.v
Parsing Verilog input from `/data/data/com.termux/files/home/symbiflow/quicklogic-arch-defs/share/techmaps/quicklogic/pp3/techmap/cells_map.v' to AST representation.
Generating RTLIL representation for module `\logic_0'.
Generating RTLIL representation for module `\logic_1'.
Generating RTLIL representation for module `\inpad'.
Generating RTLIL representation for module `\outpad'.
Generating RTLIL representation for module `\bipad'.
Generating RTLIL representation for module `\ckpad'.
Generating RTLIL representation for module `\qhsckibuff'.
Generating RTLIL representation for module `\qhsckbuff'.
Generating RTLIL representation for module `\gclkbuff'.
Generating RTLIL representation for module `\logic_cell_macro'.
Generating RTLIL representation for module `\inv'.
Generating RTLIL representation for module `\mux2x0'.
Generating RTLIL representation for module `\mux4x0'.
Generating RTLIL representation for module `\mux8x0'.
Generating RTLIL representation for module `\LUT1'.
Generating RTLIL representation for module `\LUT2'.
Generating RTLIL representation for module `\LUT3'.
Generating RTLIL representation for module `\LUT4'.
Generating RTLIL representation for module `\dff'.
Generating RTLIL representation for module `\dffc'.
Generating RTLIL representation for module `\dffp'.
Generating RTLIL representation for module `\dffpc'.
Generating RTLIL representation for module `\dffe'.
Generating RTLIL representation for module `\dffec'.
Generating RTLIL representation for module `\dffepc'.
Generating RTLIL representation for module `\dffsc'.
Generating RTLIL representation for module `\qlal4s3b_cell_macro'.
Generating RTLIL representation for module `\qlal4s3_mult_32x32_cell'.
Generating RTLIL representation for module `\qlal4s3_mult_16x16_cell'.
Generating RTLIL representation for module `\qlal4s3_mult_cell_macro'.
Successfully finished Verilog frontend.

8.2. Continuing TECHMAP pass.
Using template qlal4s3b_cell_macro for cells of type qlal4s3b_cell_macro.
Using template $paramod$ef89328d7363dd7125c1eba8428f7d9cbe4f3212\LUT2 for cells of type LUT2.
Using template dff for cells of type dff.
Using template $paramod$4a30532bc133c2eb9cd5f67b9a7151b65f5b78fc\LUT3 for cells of type LUT3.
Using template $paramod$8ec3083c78151c28b65d6aa206d62ef0216666fd\LUT3 for cells of type LUT3.
Using template $paramod$a3585111a807d9eb68f35b3cdf72c072f00fd2ee\LUT2 for cells of type LUT2.
Using template $paramod$08b61d33fc5053edb3ff48cc7932a6bed21127f8\LUT3 for cells of type LUT3.
Using template $paramod$0bac8de66bcfb448c202f31a4c603d45054ce4da\LUT4 for cells of type LUT4.
Using template $paramod$bf21fee4b6975de7353dd955d4b3a8eef751c7c5\LUT2 for cells of type LUT2.
Using template $paramod$e7e37961662412d7dd1961919c60cc96c5b16f01\LUT2 for cells of type LUT2.
Using template $paramod\LUT3\INIT=9'000000001\EQN=8'00110000 for cells of type LUT3.
Using template $paramod$2df63957ce79b34d0106a13646e50007e409c02a\LUT4 for cells of type LUT4.
Using template $paramod$286dc87c009ac7023be0afb4062214a1938e05e9\LUT4 for cells of type LUT4.
Using template $paramod$b2d30dc103bba9042d0a6bf7b90be99d3dc1b496\LUT4 for cells of type LUT4.
Using template $paramod$d6e6338d75404a56b4f08f22505266fa759653ce\LUT4 for cells of type LUT4.
Using template $paramod$0d57a20297f7d814347a60e796eb37c1dbe1a686\LUT3 for cells of type LUT3.
Using template $paramod$b8e400b0c524196854471b6867fb4998e798de7d\LUT3 for cells of type LUT3.
Using template $paramod$86fc6f3441a6779c63af6935d48b3ebd1c0460a9\LUT3 for cells of type LUT3.
Using template $paramod$599d262041b1d3a38da932c48ee6b03f5bd83570\LUT3 for cells of type LUT3.
Using template $paramod$81c3bdd29c6de85c7254859e3c5c5ae5dbef8e05\LUT4 for cells of type LUT4.
Using template $paramod\LUT1\INIT=1'1\EQN=675885097 for cells of type LUT1.
Using template dffe for cells of type dffe.
Using template inv for cells of type inv.
Using template $paramod$ed30829c13b3acb9519b3f008c9df903da206e61\inpad for cells of type inpad.
Using template $paramod$982ff93d743c8d80be37c4baf5ddbb155e9c2e84\outpad for cells of type outpad.
Using template $paramod$ef1a7edb200c1b1534825302234a1d0bce5a3341\outpad for cells of type outpad.
Using template $paramod$3494bf91dff70d828c5f5312272dede938de1112\inpad for cells of type inpad.
Using template $paramod$4da62a2f3593426548f45892aaeb7356ad46a6a4\inpad for cells of type inpad.
Using template $paramod$5b9e7b43709c63157e375124a8cadf61254db805\outpad for cells of type outpad.
Using template $paramod$f5daf5da90f21c5bda92fdff65c455b33f449aa8\outpad for cells of type outpad.
No more expansions possible.
<suppressed ~464 debug messages>

9. Executing TECHMAP pass (map to technology primitives).

9.1. Executing Verilog-2005 frontend: /data/data/com.termux/files/home/symbiflow/quicklogic-arch-defs/bin/../share/arch/ql-eos-s3_wlcsp/cells/ram_map.v
Parsing Verilog input from `/data/data/com.termux/files/home/symbiflow/quicklogic-arch-defs/bin/../share/arch/ql-eos-s3_wlcsp/cells/ram_map.v' to AST representation.
Generating RTLIL representation for module `\ram8k_2x1_cell_macro'.
Successfully finished Verilog frontend.

9.2. Continuing TECHMAP pass.
No more expansions possible.

10. Executing OPT_EXPR pass (perform const folding).
Optimizing module helloworldfpga.
<suppressed ~315 debug messages>

11. Executing OPT_CLEAN pass (remove unused cells and wires).
Finding unused cells or wires in module \helloworldfpga..
Removed 0 unused cells and 160 unused wires.
<suppressed ~1 debug messages>

12. Executing SETUNDEF pass (replace undef values with defined constants).

13. Printing statistics.

=== helloworldfpga ===

   Number of wires:                900
   Number of wire bits:           1017
   Number of public wires:         873
   Number of public wire bits:     873
   Number of memories:               0
   Number of memory bits:            0
   Number of processes:              0
   Number of cells:                112
     ASSP                            1
     BIDIR_CELL                      7
     C_FRAG                         13
     F_FRAG                          4
     Q_FRAG                         33
     T_FRAG                         54

14. Executing JSON backend.

15. Executing Verilog backend.
Dumping module `\helloworldfpga'.

Warnings: 11 unique messages, 14 total
End of script. Logfile hash: 7f05a974cd, CPU: user 7.53s system 0.46s, MEM: 211.29 MB peak
Yosys 0.9+2406 (git sha1 ca763e6d5, gcc 10.2.1-6 -fPIC -Os)
Time spent: 57% 18x read_verilog (4 sec), 8% 23x opt_clean (0 sec), ...
