VPR FPGA Placement and Routing.
Version: 8.1.0-dev+dadca7ecf-dirty
Revision: v8.0.0-rc2-2909-gdadca7ecf-dirty
Compiled: 2023-05-30T23:09:14
Compiler: GNU 10.2.1 on Linux-6.2.1-PRoot-Distro aarch64
Build Info: release IPO VTR_ASSERT_LEVEL=2

University of Toronto
verilogtorouting.org
vtr-users@googlegroups.com
This is free open source code under MIT license.

VPR was run with the following command-line:
vpr /data/data/com.termux/files/home/symbiflow/quicklogic-arch-defs/share/arch/ql-eos-s3_wlcsp/arch.timing.xml helloworldfpga.eblif --device ql-eos-s3 --max_router_iterations 500 --routing_failure_predictor off --router_high_fanout_threshold -1 --constant_net_method route --route_chan_width 100 --clock_modeling route --place_delay_model delta_override --router_lookahead map --check_route quick --strict_checks off --allow_dangling_combinational_nodes on --disable_errors check_unbuffered_edges:check_route --congested_routing_iteration_threshold 0.8 --incremental_reroute_delay_ripup off --base_cost_type delay_normalized_length_bounded --bb_factor 10 --initial_pres_fac 4.0 --check_rr_graph off --suppress_warnings ,sum_pin_class:check_unbuffered_edges:load_rr_indexed_data_T_values:check_rr_node:trans_per_R:check_route:set_rr_graph_tool_comment:warn_model_missing_timing --read_rr_graph /data/data/com.termux/files/home/symbiflow/quicklogic-arch-defs/share/arch/ql-eos-s3_wlcsp/rr_graph_ql-eos-s3_wlcsp.rr_graph.real.bin --read_placement_delay_lookup /data/data/com.termux/files/home/symbiflow/quicklogic-arch-defs/share/arch/ql-eos-s3_wlcsp/rr_graph_ql-eos-s3_wlcsp.place_delay.bin --sdc_file /data/data/com.termux/files/home/fpga-examples/madhuassign/build/helloworldfpga_dummy.sdc --pack


Architecture file: /data/data/com.termux/files/home/symbiflow/quicklogic-arch-defs/share/arch/ql-eos-s3_wlcsp/arch.timing.xml
Circuit name: helloworldfpga

# Loading Architecture Description
# Loading Architecture Description took 0.99 seconds (max_rss 27.6 MiB, delta_rss +23.3 MiB)
# Building complex block graph
# Building complex block graph took 0.29 seconds (max_rss 34.4 MiB, delta_rss +6.8 MiB)
# Load circuit
# Load circuit took 0.03 seconds (max_rss 35.5 MiB, delta_rss +1.1 MiB)
# Clean circuit
Absorbed 762 LUT buffers
Inferred  106 additional primitive pins as constant generators since they have no combinationally connected inputs
Inferred   40 additional primitive pins as constant generators due to constant inputs
Inferred    0 additional primitive pins as constant generators since they have no combinationally connected inputs
Inferred    0 additional primitive pins as constant generators due to constant inputs
Inferred    0 additional primitive pins as constant generators since they have no combinationally connected inputs
Inferred    0 additional primitive pins as constant generators due to constant inputs
Swept input(s)      : 0
Swept output(s)     : 0 (0 dangling, 0 constant)
Swept net(s)        : 141
Swept block(s)      : 1
Constant Pins Marked: 146
# Clean circuit took 0.01 seconds (max_rss 35.8 MiB, delta_rss +0.3 MiB)
# Compress circuit
# Compress circuit took 0.00 seconds (max_rss 35.8 MiB, delta_rss +0.0 MiB)
# Verify circuit
# Verify circuit took 0.00 seconds (max_rss 35.8 MiB, delta_rss +0.0 MiB)
Circuit Statistics:
  Blocks: 121
    .input    :       3
    .output   :       4
    ASSP      :       1
    BIDIR_CELL:       7
    C_FRAG    :      13
    F_FRAG    :       4
    GND       :       1
    Q_FRAG    :      33
    T_FRAG    :      54
    VCC       :       1
  Nets  : 117
    Avg Fanout:     8.3
    Max Fanout:   468.0
    Min Fanout:     1.0
  Netlist Clocks: 4
# Build Timing Graph
Warning 1: Inferred implicit clock source d0_dff_Q_CLK_inv_Q.f_frag.FZ[0] for netlist clock d0_dff_Q_CLK (possibly data used as clock)
Warning 2: Timing edge from d0_dff_Q_CLK_inv_Q.f_frag.F1[0] to d0_dff_Q_CLK_inv_Q.f_frag.FZ[0] will not be created since d0_dff_Q_CLK_inv_Q.f_frag.FZ[0] has been identified as a clock generator
Warning 3: Timing edge from d0_dff_Q_CLK_inv_Q.f_frag.F2[0] to d0_dff_Q_CLK_inv_Q.f_frag.FZ[0] will not be created since d0_dff_Q_CLK_inv_Q.f_frag.FZ[0] has been identified as a clock generator
Warning 4: Timing edge from d0_dff_Q_CLK_inv_Q.f_frag.FS[0] to d0_dff_Q_CLK_inv_Q.f_frag.FZ[0] will not be created since d0_dff_Q_CLK_inv_Q.f_frag.FZ[0] has been identified as a clock generator
Warning 5: Inferred implicit clock source d1_dff_Q_CLK_inv_Q.f_frag.FZ[0] for netlist clock d1_dff_Q_CLK (possibly data used as clock)
Warning 6: Timing edge from d1_dff_Q_CLK_inv_Q.f_frag.F1[0] to d1_dff_Q_CLK_inv_Q.f_frag.FZ[0] will not be created since d1_dff_Q_CLK_inv_Q.f_frag.FZ[0] has been identified as a clock generator
Warning 7: Timing edge from d1_dff_Q_CLK_inv_Q.f_frag.F2[0] to d1_dff_Q_CLK_inv_Q.f_frag.FZ[0] will not be created since d1_dff_Q_CLK_inv_Q.f_frag.FZ[0] has been identified as a clock generator
Warning 8: Timing edge from d1_dff_Q_CLK_inv_Q.f_frag.FS[0] to d1_dff_Q_CLK_inv_Q.f_frag.FZ[0] will not be created since d1_dff_Q_CLK_inv_Q.f_frag.FZ[0] has been identified as a clock generator
Warning 9: Inferred implicit clock source d2_dff_Q_CLK_inv_Q.f_frag.FZ[0] for netlist clock d2_dff_Q_CLK (possibly data used as clock)
Warning 10: Timing edge from d2_dff_Q_CLK_inv_Q.f_frag.F1[0] to d2_dff_Q_CLK_inv_Q.f_frag.FZ[0] will not be created since d2_dff_Q_CLK_inv_Q.f_frag.FZ[0] has been identified as a clock generator
Warning 11: Timing edge from d2_dff_Q_CLK_inv_Q.f_frag.F2[0] to d2_dff_Q_CLK_inv_Q.f_frag.FZ[0] will not be created since d2_dff_Q_CLK_inv_Q.f_frag.FZ[0] has been identified as a clock generator
Warning 12: Timing edge from d2_dff_Q_CLK_inv_Q.f_frag.FS[0] to d2_dff_Q_CLK_inv_Q.f_frag.FZ[0] will not be created since d2_dff_Q_CLK_inv_Q.f_frag.FZ[0] has been identified as a clock generator
  Timing Graph Nodes: 1093
  Timing Graph Edges: 1705
  Timing Graph Levels: 26
# Build Timing Graph took 0.00 seconds (max_rss 35.8 MiB, delta_rss +0.0 MiB)
Netlist contains 4 clocks
  Netlist Clock 'd0_dff_Q_CLK' Fanout: 1 pins (0.1%), 1 blocks (0.8%)
  Netlist Clock 'd1_dff_Q_CLK' Fanout: 1 pins (0.1%), 1 blocks (0.8%)
  Netlist Clock 'd2_dff_Q_CLK' Fanout: 1 pins (0.1%), 1 blocks (0.8%)
  Netlist Clock 'clk' Fanout: 30 pins (2.7%), 30 blocks (24.8%)
# Load Timing Constraints

SDC file '/data/data/com.termux/files/home/fpga-examples/madhuassign/build/helloworldfpga_dummy.sdc' contained no SDC commands
Setting default timing constraints:
   * constrain all primay inputs and primary outputs on a virtual external clock 'virtual_io_clock'
   * optimize all netlist and virtual clocks to run as fast as possible
   * ignore cross netlist clock domain timing paths
Timing constraints created 5 clocks
  Constrained Clock 'virtual_io_clock' (Virtual Clock)
  Constrained Clock 'd0_dff_Q_CLK' Source: 'd0_dff_Q_CLK_inv_Q.f_frag.FZ[0]'
  Constrained Clock 'd1_dff_Q_CLK' Source: 'd1_dff_Q_CLK_inv_Q.f_frag.FZ[0]'
  Constrained Clock 'd2_dff_Q_CLK' Source: 'd2_dff_Q_CLK_inv_Q.f_frag.FZ[0]'
  Constrained Clock 'clk' Source: 'u_qlal4s3b_cell_macro.Sys_Clk0[0]'

# Load Timing Constraints took 0.00 seconds (max_rss 35.8 MiB, delta_rss +0.0 MiB)
Timing analysis: ON
Circuit netlist file: helloworldfpga.net
Circuit placement file: helloworldfpga.place
Circuit routing file: helloworldfpga.route
Circuit SDC file: /data/data/com.termux/files/home/fpga-examples/madhuassign/build/helloworldfpga_dummy.sdc

Packer: ENABLED
Placer: DISABLED
Router: DISABLED
Analysis: DISABLED

NetlistOpts.abosrb_buffer_luts            : true
NetlistOpts.sweep_dangling_primary_ios    : true
NetlistOpts.sweep_dangling_nets           : true
NetlistOpts.sweep_dangling_blocks         : true
NetlistOpts.sweep_constant_primary_outputs: false
NetlistOpts.netlist_verbosity             : 1
NetlistOpts.const_gen_inference           : COMB_SEQ

PackerOpts.allow_unrelated_clustering: auto
PackerOpts.alpha_clustering: 0.750000
PackerOpts.beta_clustering: 0.900000
PackerOpts.cluster_seed_type: BLEND2
PackerOpts.connection_driven: true
PackerOpts.global_clocks: true
PackerOpts.hill_climbing_flag: false
PackerOpts.inter_cluster_net_delay: 1.000000
PackerOpts.timing_driven: true
PackerOpts.target_external_pin_util: auto

RoutingArch.directionality: BI_DIRECTIONAL
RoutingArch.switch_block_type: WILTON
RoutingArch.Fs: 3

# Packing
Begin packing 'helloworldfpga.eblif'.
Warning 13: All 5 clocks will be treated as global.

After removing unused inputs...
	total blocks: 121, total nets: 117, total inputs: 3, total outputs: 4
Begin prepacking.
Finish prepacking.
Using inter-cluster delay: 1.2e-14
Warning 14: Unable to determine most common block type (perhaps the device grid was empty?)
Warning 15: Unable to infer which block type is a logic block
Warning 16: Unable to identify logic block type to apply default pin utilization targets to; this may result in denser packing than desired
Warning 17: Unable to determine most common block type (perhaps the device grid was empty?)
Warning 18: Unable to infer which block type is a logic block
Warning 19: Unable to identify logic block type to apply default packer high fanout thresholds; this may result in denser packing than desired
Packing with pin utilization targets: TL-LOGIC:1,1 TL-RAM:1,1 TL-MULT:1,1 TL-BIDIR:1,1 TL-CLOCK:1,1 TL-SDIOMUX:1,1 TL-GMUX:1,1 TL-ASSP:1,1 TL-SYN_VCC:1,1 TL-SYN_GND:1,1
Packing with high fanout thresholds: TL-LOGIC:128 TL-RAM:128 TL-MULT:128 TL-BIDIR:128 TL-CLOCK:128 TL-SDIOMUX:128 TL-GMUX:128 TL-ASSP:128 TL-SYN_VCC:128 TL-SYN_GND:128
Not enough resources expand FPGA size to (39 x 35)
Complex block 0: 'u_qlal4s3b_cell_macro' (PB-ASSP) .
Complex block 1: 'q2_LUT2_I0.t_frag' (PB-LOGIC) ...
Complex block 2: 'delay_dff_Q_9_D_LUT3_O_4.t_frag' (PB-LOGIC) ...
Complex block 3: 'delay_dff_Q_9_D_LUT2_O_4.t_frag' (PB-LOGIC) ...
Complex block 4: 'delay_dff_Q_9_D_LUT2_O_5.t_frag' (PB-LOGIC) ...
Complex block 5: 'delay_dff_Q_9_D_LUT2_O_6.t_frag' (PB-LOGIC) ..
Complex block 6: 'delay_dff_Q_9_D_LUT2_O_7.t_frag' (PB-LOGIC) ..
Complex block 7: 'delay_dff_Q_9_D_LUT2_O_8.t_frag' (PB-LOGIC) ..
Complex block 8: 'delay_dff_Q_9_D_LUT2_O_9.t_frag' (PB-LOGIC) ..
Complex block 9: 'delay_dff_Q_9_D_LUT2_O_1.t_frag' (PB-LOGIC) ..
Complex block 10: 'delay_dff_Q_9_D_LUT2_O_2.t_frag' (PB-LOGIC) ..
Complex block 11: 'delay_dff_Q_9_D_LUT3_O_2.t_frag' (PB-LOGIC) ..
Complex block 12: 'delay_dff_Q_9_D_LUT2_O_3.t_frag' (PB-LOGIC) ..
Complex block 13: 'delay_dff_Q_9_D_LUT2_O.t_frag' (PB-LOGIC) ..
Complex block 14: 'delay_dff_Q_9_D_LUT3_O_5.t_frag' (PB-LOGIC) ..
Complex block 15: 'delay_dff_Q_9_D_LUT3_O_6.t_frag' (PB-LOGIC) ..
Complex block 16: 'delay_dff_Q_9_D_LUT3_O_7.t_frag' (PB-LOGIC) ..
Complex block 17: 'delay_dff_Q_9_D_LUT3_O_8.t_frag' (PB-LOGIC) ..
Complex block 18: 'delay_dff_Q_9_D_LUT3_O_9.t_frag' (PB-LOGIC) ..
Complex block 19: 'delay_dff_Q_9_D_LUT3_O_10.t_frag' (PB-LOGIC) ..
Complex block 20: 'delay_dff_Q_9_D_LUT3_O_11.t_frag' (PB-LOGIC) ..
Complex block 21: 'delay_dff_Q_9_D_LUT3_O_12.t_frag' (PB-LOGIC) ..
Complex block 22: 'delay_dff_Q_9_D_LUT3_O_13.t_frag' (PB-LOGIC) ..
Complex block 23: 'delay_dff_Q_9_D_LUT3_O_14.t_frag' (PB-LOGIC) ..
Complex block 24: 'delay_dff_Q_9_D_LUT3_O_15.t_frag' (PB-LOGIC) ..
Complex block 25: 'delay_dff_Q_9_D_LUT3_O.t_frag' (PB-LOGIC) ..
Complex block 26: 'delay_dff_Q_9_D_LUT3_O_1.t_frag' (PB-LOGIC) ..
Complex block 27: 'delay_dff_Q_9_D_LUT3_O_3.t_frag' (PB-LOGIC) ..
Complex block 28: '$iopadmap$helloworldfpga.cl' (PB-BIDIR) .
Complex block 29: '$iopadmap$helloworldfpga.d0' (PB-BIDIR) .
Complex block 30: '$iopadmap$helloworldfpga.d1' (PB-BIDIR) .
Complex block 31: '$iopadmap$helloworldfpga.d2' (PB-BIDIR) .
Complex block 32: 'q0' (PB-BIDIR) .
Complex block 33: 'q1' (PB-BIDIR) .
Complex block 34: 'q2' (PB-BIDIR) .
Complex block 35: 'delay_dff_Q_9_D_LUT3_O_13_I1_LUT4_I3.c_frag' (PB-LOGIC) .
Complex block 36: 'delay_dff_Q_9_D_LUT3_O_13_I1_LUT4_O.c_frag' (PB-LOGIC) .
Complex block 37: 'delay_dff_Q_9_D_LUT3_O_5_I1_LUT4_I2.c_frag' (PB-LOGIC) .
Complex block 38: 'delay_dff_Q_9_D_LUT3_O_8_I1_LUT4_I3.c_frag' (PB-LOGIC) ..
Complex block 39: 'delay_dff_Q_9_D_LUT3_O_8_I1_LUT4_O.c_frag' (PB-LOGIC) ..
Complex block 40: 'mclk_dffe_Q_EN_LUT4_O.c_frag' (PB-LOGIC) ..
Complex block 41: 'delay_dff_Q_9_D_LUT3_O_9_I1_LUT4_I3_O_LUT4_I3.c_frag' (PB-LOGIC) .
Complex block 42: 'delay_dff_Q_9_D_LUT3_O_8_I1_LUT4_I3_O_LUT4_I3.c_frag' (PB-LOGIC) .
Complex block 43: 'delay_dff_Q_9_D_LUT3_O_9_I1_LUT4_I3.c_frag' (PB-LOGIC) .
Complex block 44: 'delay_dff_Q_9_D_LUT3_O_2_I0_LUT4_O.c_frag' (PB-LOGIC) .
Complex block 45: 'delay_dff_Q_9_D_LUT3_O_4_I0_LUT4_O.c_frag' (PB-LOGIC) .
Complex block 46: 'mclk_dffe_Q_EN_LUT4_O_I2_LUT4_O.c_frag' (PB-LOGIC) .
Complex block 47: 'mclk_dffe_Q_EN_LUT4_O_I1_LUT4_O.c_frag' (PB-LOGIC) ..
Complex block 48: 'd1_dff_Q' (PB-LOGIC) .
Complex block 49: 'd2_dff_Q' (PB-LOGIC) .
Complex block 50: '$false' (PB-SYN_GND) .
Complex block 51: '$true' (PB-SYN_VCC) .
	EMPTY: # blocks: 0, average # input + clock pins used: 0, average # output pins used: 0
	PB-GMUX: # blocks: 0, average # input + clock pins used: 0, average # output pins used: 0
	PB-LOGIC: # blocks: 42, average # input + clock pins used: 17.5238, average # output pins used: 1.83333
	PB-CLOCK: # blocks: 0, average # input + clock pins used: 0, average # output pins used: 0
	PB-MULT: # blocks: 0, average # input + clock pins used: 0, average # output pins used: 0
	PB-SDIOMUX: # blocks: 0, average # input + clock pins used: 0, average # output pins used: 0
	PB-RAM: # blocks: 0, average # input + clock pins used: 0, average # output pins used: 0
	PB-SYN_VCC: # blocks: 1, average # input + clock pins used: 0, average # output pins used: 1
	PB-BIDIR: # blocks: 7, average # input + clock pins used: 2.57143, average # output pins used: 0.428571
	PB-SYN_GND: # blocks: 1, average # input + clock pins used: 0, average # output pins used: 1
	PB-ASSP: # blocks: 1, average # input + clock pins used: 161, average # output pins used: 1
Absorbed logical nets 34 out of 117 nets, 83 nets not absorbed.
Incr Slack updates 1 in 3.7308e-05 sec
Full Max Req/Worst Slack updates 1 in 2.1616e-05 sec
Incr Max Req/Worst Slack updates 0 in 0 sec
Incr Criticality updates 0 in 0 sec
Full Criticality updates 1 in 5.3462e-05 sec
FPGA sized to 39 x 35 (ql-eos-s3)
Device Utilization: 0.04 (target 1.00)
	Block Utilization: 0.05 Type: PB-LOGIC
	Block Utilization: 1.00 Type: PB-SYN_VCC
	Block Utilization: 0.22 Type: PB-BIDIR
	Block Utilization: 1.00 Type: PB-SYN_GND
	Block Utilization: 1.00 Type: PB-ASSP


Netlist conversion complete.

# Packing took 0.14 seconds (max_rss 36.7 MiB, delta_rss +0.9 MiB)
# Load Packing
Begin loading packed FPGA netlist file.
Netlist generated from file 'helloworldfpga.net'.
Detected 2 constant generators (to see names run with higher pack verbosity)
Finished loading packed FPGA netlist file (took 0.064595 seconds).
# Load Packing took 0.07 seconds (max_rss 37.2 MiB, delta_rss +0.6 MiB)
Warning 20: Netlist contains 0 global net to non-global architecture pin connections
Warning 21: Logic block #50 ($false) has only 1 output pin '$false.GND0_GND[0]'. It may be a constant generator.
Warning 22: Logic block #51 ($true) has only 1 output pin '$true.VCC0_VCC[0]'. It may be a constant generator.

Netlist num_nets: 83
Netlist num_blocks: 52
Netlist EMPTY blocks: 0.
Netlist PB-GMUX blocks: 0.
Netlist PB-LOGIC blocks: 42.
Netlist PB-CLOCK blocks: 0.
Netlist PB-MULT blocks: 0.
Netlist PB-SDIOMUX blocks: 0.
Netlist PB-RAM blocks: 0.
Netlist PB-SYN_VCC blocks: 1.
Netlist PB-BIDIR blocks: 7.
Netlist PB-SYN_GND blocks: 1.
Netlist PB-ASSP blocks: 1.
Netlist inputs pins: 3
Netlist output pins: 18


Pb types usage...
  PB-LOGIC          : 42
   LOGIC            : 42
    FRAGS           : 42
     c_frag_modes   : 40
      SINGLE        : 13
       c_frag       : 13
      SPLIT         : 27
       b_frag       : 27
       t_frag       : 27
     f_frag         : 4
     q_frag_modes   : 33
      INT           : 27
       q_frag       : 27
      EXT           : 6
       q_frag       : 6
  PB-SYN_VCC        : 1
   VCC              : 1
  PB-BIDIR          : 7
   BIDIR            : 7
    INPUT           : 3
     bidir          : 3
     inpad          : 3
    OUTPUT          : 4
     bidir          : 4
     outpad         : 4
  PB-SYN_GND        : 1
   GND              : 1
  PB-ASSP           : 1
   ASSP             : 1

# Create Device
## Build Device Grid
FPGA sized to 39 x 35: 1365 grid tiles (ql-eos-s3)

Resource usage...
	Netlist
		0	blocks of type: PB-GMUX
	Architecture
		5	blocks of type: TL-GMUX
	Netlist
		42	blocks of type: PB-LOGIC
	Architecture
		891	blocks of type: TL-LOGIC
	Netlist
		0	blocks of type: PB-CLOCK
	Architecture
		5	blocks of type: TL-CLOCK
	Netlist
		0	blocks of type: PB-MULT
	Architecture
		2	blocks of type: TL-MULT
	Netlist
		0	blocks of type: PB-SDIOMUX
	Architecture
		14	blocks of type: TL-SDIOMUX
	Netlist
		0	blocks of type: PB-RAM
	Architecture
		4	blocks of type: TL-RAM
	Netlist
		1	blocks of type: PB-SYN_VCC
	Architecture
		1	blocks of type: TL-SYN_VCC
	Netlist
		7	blocks of type: PB-BIDIR
	Architecture
		32	blocks of type: TL-BIDIR
	Netlist
		1	blocks of type: PB-SYN_GND
	Architecture
		1	blocks of type: TL-SYN_GND
	Netlist
		1	blocks of type: PB-ASSP
	Architecture
		1	blocks of type: TL-ASSP

Device Utilization: 0.04 (target 1.00)
	Physical Tile TL-LOGIC:
	Block Utilization: 0.05 Logical Block: PB-LOGIC
	Physical Tile TL-RAM:
	Block Utilization: 0.00 Logical Block: PB-RAM
	Physical Tile TL-MULT:
	Block Utilization: 0.00 Logical Block: PB-MULT
	Physical Tile TL-BIDIR:
	Block Utilization: 0.22 Logical Block: PB-BIDIR
	Physical Tile TL-CLOCK:
	Block Utilization: 0.00 Logical Block: PB-CLOCK
	Physical Tile TL-SDIOMUX:
	Block Utilization: 0.00 Logical Block: PB-SDIOMUX
	Physical Tile TL-GMUX:
	Block Utilization: 0.00 Logical Block: PB-GMUX
	Physical Tile TL-ASSP:
	Block Utilization: 1.00 Logical Block: PB-ASSP
	Physical Tile TL-SYN_VCC:
	Block Utilization: 1.00 Logical Block: PB-SYN_VCC
	Physical Tile TL-SYN_GND:
	Block Utilization: 1.00 Logical Block: PB-SYN_GND

## Build Device Grid took 0.02 seconds (max_rss 37.4 MiB, delta_rss +0.0 MiB)
## Loading routing resource graph



Warning 23: This architecture version is for VPR 8.1.0-dev+dadca7ecf-dirty while your current VPR version is 8.1.0-dev+dadca7ecf compatability issues may arise

## Loading routing resource graph took 1.68 seconds (max_rss 344.5 MiB, delta_rss +307.1 MiB)
  RR Graph Nodes: 1396446
  RR Graph Edges: 2337988
# Create Device took 5.67 seconds (max_rss 392.2 MiB, delta_rss +354.8 MiB)


Flow timing analysis took 0.000811461 seconds (0.000678461 STA, 0.000133 slack) (1 full updates: 1 setup, 0 hold, 0 combined).
VPR succeeded
The entire flow of VPR took 7.40 seconds (max_rss 392.2 MiB)
