#Timing report of worst 35 path(s)
# Unit scale: 1e-09 seconds
# Output precision: 3

#Path 1
Startpoint: delay_dff_Q_28.QZ[0] (Q_FRAG clocked by clk)
Endpoint  : delay_dff_Q_28.QD[0] (Q_FRAG clocked by clk)
Path Type : hold

Point                                                                Incr      Path
-----------------------------------------------------------------------------------
clock clk (rise edge)                                               0.000     0.000
clock source latency                                                0.000     0.000
u_qlal4s3b_cell_macro.Sys_Clk0[0] (ASSP)                            0.000     0.000
delay_dff_Q_28.QCK[0] (Q_FRAG)                                     12.255    12.255
delay_dff_Q_28.QZ[0] (Q_FRAG) [clock-to-output]                     1.393    13.647
delay_dff_Q_9_D_LUT2_O.t_frag.XSL[0] (T_FRAG)                       2.498    16.145
delay_dff_Q_9_D_LUT2_O.t_frag.XZ[0] (T_FRAG)                        1.041    17.186
delay_dff_Q_28.QD[0] (Q_FRAG)                                       0.000    17.186
data arrival time                                                            17.186

clock clk (rise edge)                                               0.000     0.000
clock source latency                                                0.000     0.000
u_qlal4s3b_cell_macro.Sys_Clk0[0] (ASSP)                            0.000     0.000
delay_dff_Q_28.QCK[0] (Q_FRAG)                                     12.255    12.255
clock uncertainty                                                   0.000    12.255
cell hold time                                                      0.571    12.826
data required time                                                           12.826
-----------------------------------------------------------------------------------
data required time                                                          -12.826
data arrival time                                                            17.186
-----------------------------------------------------------------------------------
slack (MET)                                                                   4.361


#Path 2
Startpoint: delay_dff_Q_24.QZ[0] (Q_FRAG clocked by clk)
Endpoint  : delay_dff_Q_24.QD[0] (Q_FRAG clocked by clk)
Path Type : hold

Point                                                                   Incr      Path
--------------------------------------------------------------------------------------
clock clk (rise edge)                                                  0.000     0.000
clock source latency                                                   0.000     0.000
u_qlal4s3b_cell_macro.Sys_Clk0[0] (ASSP)                               0.000     0.000
delay_dff_Q_24.QCK[0] (Q_FRAG)                                        13.076    13.076
delay_dff_Q_24.QZ[0] (Q_FRAG) [clock-to-output]                        1.393    14.469
delay_dff_Q_9_D_LUT3_O_13.t_frag.XA1[0] (T_FRAG)                       2.280    16.749
delay_dff_Q_9_D_LUT3_O_13.t_frag.XZ[0] (T_FRAG)                        1.392    18.141
delay_dff_Q_24.QD[0] (Q_FRAG)                                          0.000    18.141
data arrival time                                                               18.141

clock clk (rise edge)                                                  0.000     0.000
clock source latency                                                   0.000     0.000
u_qlal4s3b_cell_macro.Sys_Clk0[0] (ASSP)                               0.000     0.000
delay_dff_Q_24.QCK[0] (Q_FRAG)                                        13.076    13.076
clock uncertainty                                                      0.000    13.076
cell hold time                                                         0.571    13.647
data required time                                                              13.647
--------------------------------------------------------------------------------------
data required time                                                             -13.647
data arrival time                                                               18.141
--------------------------------------------------------------------------------------
slack (MET)                                                                      4.493


#Path 3
Startpoint: delay_dff_Q_15.QZ[0] (Q_FRAG clocked by clk)
Endpoint  : delay_dff_Q_15.QD[0] (Q_FRAG clocked by clk)
Path Type : hold

Point                                                                  Incr      Path
-------------------------------------------------------------------------------------
clock clk (rise edge)                                                 0.000     0.000
clock source latency                                                  0.000     0.000
u_qlal4s3b_cell_macro.Sys_Clk0[0] (ASSP)                              0.000     0.000
delay_dff_Q_15.QCK[0] (Q_FRAG)                                       12.933    12.933
delay_dff_Q_15.QZ[0] (Q_FRAG) [clock-to-output]                       1.393    14.326
delay_dff_Q_9_D_LUT3_O_6.t_frag.XA1[0] (T_FRAG)                       2.280    16.605
delay_dff_Q_9_D_LUT3_O_6.t_frag.XZ[0] (T_FRAG)                        1.392    17.997
delay_dff_Q_15.QD[0] (Q_FRAG)                                         0.000    17.997
data arrival time                                                              17.997

clock clk (rise edge)                                                 0.000     0.000
clock source latency                                                  0.000     0.000
u_qlal4s3b_cell_macro.Sys_Clk0[0] (ASSP)                              0.000     0.000
delay_dff_Q_15.QCK[0] (Q_FRAG)                                       12.933    12.933
clock uncertainty                                                     0.000    12.933
cell hold time                                                        0.571    13.504
data required time                                                             13.504
-------------------------------------------------------------------------------------
data required time                                                            -13.504
data arrival time                                                              17.997
-------------------------------------------------------------------------------------
slack (MET)                                                                     4.493


#Path 4
Startpoint: delay_dff_Q_14.QZ[0] (Q_FRAG clocked by clk)
Endpoint  : delay_dff_Q_14.QD[0] (Q_FRAG clocked by clk)
Path Type : hold

Point                                                                  Incr      Path
-------------------------------------------------------------------------------------
clock clk (rise edge)                                                 0.000     0.000
clock source latency                                                  0.000     0.000
u_qlal4s3b_cell_macro.Sys_Clk0[0] (ASSP)                              0.000     0.000
delay_dff_Q_14.QCK[0] (Q_FRAG)                                       10.522    10.522
delay_dff_Q_14.QZ[0] (Q_FRAG) [clock-to-output]                       1.393    11.915
delay_dff_Q_9_D_LUT3_O_5.t_frag.XA1[0] (T_FRAG)                       2.280    14.194
delay_dff_Q_9_D_LUT3_O_5.t_frag.XZ[0] (T_FRAG)                        1.392    15.586
delay_dff_Q_14.QD[0] (Q_FRAG)                                         0.000    15.586
data arrival time                                                              15.586

clock clk (rise edge)                                                 0.000     0.000
clock source latency                                                  0.000     0.000
u_qlal4s3b_cell_macro.Sys_Clk0[0] (ASSP)                              0.000     0.000
delay_dff_Q_14.QCK[0] (Q_FRAG)                                       10.522    10.522
clock uncertainty                                                     0.000    10.522
cell hold time                                                        0.571    11.093
data required time                                                             11.093
-------------------------------------------------------------------------------------
data required time                                                            -11.093
data arrival time                                                              15.586
-------------------------------------------------------------------------------------
slack (MET)                                                                     4.493


#Path 5
Startpoint: delay_dff_Q_21.QZ[0] (Q_FRAG clocked by clk)
Endpoint  : delay_dff_Q_21.QD[0] (Q_FRAG clocked by clk)
Path Type : hold

Point                                                                   Incr      Path
--------------------------------------------------------------------------------------
clock clk (rise edge)                                                  0.000     0.000
clock source latency                                                   0.000     0.000
u_qlal4s3b_cell_macro.Sys_Clk0[0] (ASSP)                               0.000     0.000
delay_dff_Q_21.QCK[0] (Q_FRAG)                                        13.259    13.259
delay_dff_Q_21.QZ[0] (Q_FRAG) [clock-to-output]                        1.393    14.651
delay_dff_Q_9_D_LUT3_O_11.t_frag.XA1[0] (T_FRAG)                       2.280    16.931
delay_dff_Q_9_D_LUT3_O_11.t_frag.XZ[0] (T_FRAG)                        1.392    18.323
delay_dff_Q_21.QD[0] (Q_FRAG)                                          0.000    18.323
data arrival time                                                               18.323

clock clk (rise edge)                                                  0.000     0.000
clock source latency                                                   0.000     0.000
u_qlal4s3b_cell_macro.Sys_Clk0[0] (ASSP)                               0.000     0.000
delay_dff_Q_21.QCK[0] (Q_FRAG)                                        13.259    13.259
clock uncertainty                                                      0.000    13.259
cell hold time                                                         0.571    13.830
data required time                                                              13.830
--------------------------------------------------------------------------------------
data required time                                                             -13.830
data arrival time                                                               18.323
--------------------------------------------------------------------------------------
slack (MET)                                                                      4.493


#Path 6
Startpoint: delay_dff_Q_9.QZ[0] (Q_FRAG clocked by clk)
Endpoint  : delay_dff_Q_9.QD[0] (Q_FRAG clocked by clk)
Path Type : hold

Point                                                                  Incr      Path
-------------------------------------------------------------------------------------
clock clk (rise edge)                                                 0.000     0.000
clock source latency                                                  0.000     0.000
u_qlal4s3b_cell_macro.Sys_Clk0[0] (ASSP)                              0.000     0.000
delay_dff_Q_9.QCK[0] (Q_FRAG)                                        11.382    11.382
delay_dff_Q_9.QZ[0] (Q_FRAG) [clock-to-output]                        1.393    12.775
delay_dff_Q_9_D_LUT3_O_3.t_frag.XA1[0] (T_FRAG)                       2.280    15.055
delay_dff_Q_9_D_LUT3_O_3.t_frag.XZ[0] (T_FRAG)                        1.392    16.447
delay_dff_Q_9.QD[0] (Q_FRAG)                                          0.000    16.447
data arrival time                                                              16.447

clock clk (rise edge)                                                 0.000     0.000
clock source latency                                                  0.000     0.000
u_qlal4s3b_cell_macro.Sys_Clk0[0] (ASSP)                              0.000     0.000
delay_dff_Q_9.QCK[0] (Q_FRAG)                                        11.382    11.382
clock uncertainty                                                     0.000    11.382
cell hold time                                                        0.571    11.953
data required time                                                             11.953
-------------------------------------------------------------------------------------
data required time                                                            -11.953
data arrival time                                                              16.447
-------------------------------------------------------------------------------------
slack (MET)                                                                     4.493


#Path 7
Startpoint: delay_dff_Q_27.QZ[0] (Q_FRAG clocked by clk)
Endpoint  : delay_dff_Q_27.QD[0] (Q_FRAG clocked by clk)
Path Type : hold

Point                                                                   Incr      Path
--------------------------------------------------------------------------------------
clock clk (rise edge)                                                  0.000     0.000
clock source latency                                                   0.000     0.000
u_qlal4s3b_cell_macro.Sys_Clk0[0] (ASSP)                               0.000     0.000
delay_dff_Q_27.QCK[0] (Q_FRAG)                                        10.352    10.352
delay_dff_Q_27.QZ[0] (Q_FRAG) [clock-to-output]                        1.393    11.745
delay_dff_Q_9_D_LUT3_O_15.t_frag.XA1[0] (T_FRAG)                       2.280    14.025
delay_dff_Q_9_D_LUT3_O_15.t_frag.XZ[0] (T_FRAG)                        1.392    15.416
delay_dff_Q_27.QD[0] (Q_FRAG)                                          0.000    15.416
data arrival time                                                               15.416

clock clk (rise edge)                                                  0.000     0.000
clock source latency                                                   0.000     0.000
u_qlal4s3b_cell_macro.Sys_Clk0[0] (ASSP)                               0.000     0.000
delay_dff_Q_27.QCK[0] (Q_FRAG)                                        10.352    10.352
clock uncertainty                                                      0.000    10.352
cell hold time                                                         0.571    10.923
data required time                                                              10.923
--------------------------------------------------------------------------------------
data required time                                                             -10.923
data arrival time                                                               15.416
--------------------------------------------------------------------------------------
slack (MET)                                                                      4.493


#Path 8
Startpoint: delay_dff_Q_17.QZ[0] (Q_FRAG clocked by clk)
Endpoint  : delay_dff_Q_17.QD[0] (Q_FRAG clocked by clk)
Path Type : hold

Point                                                                  Incr      Path
-------------------------------------------------------------------------------------
clock clk (rise edge)                                                 0.000     0.000
clock source latency                                                  0.000     0.000
u_qlal4s3b_cell_macro.Sys_Clk0[0] (ASSP)                              0.000     0.000
delay_dff_Q_17.QCK[0] (Q_FRAG)                                       13.932    13.932
delay_dff_Q_17.QZ[0] (Q_FRAG) [clock-to-output]                       1.393    15.325
delay_dff_Q_9_D_LUT3_O_7.t_frag.XA2[0] (T_FRAG)                       2.241    17.566
delay_dff_Q_9_D_LUT3_O_7.t_frag.XZ[0] (T_FRAG)                        1.435    19.000
delay_dff_Q_17.QD[0] (Q_FRAG)                                         0.000    19.000
data arrival time                                                              19.000

clock clk (rise edge)                                                 0.000     0.000
clock source latency                                                  0.000     0.000
u_qlal4s3b_cell_macro.Sys_Clk0[0] (ASSP)                              0.000     0.000
delay_dff_Q_17.QCK[0] (Q_FRAG)                                       13.932    13.932
clock uncertainty                                                     0.000    13.932
cell hold time                                                        0.571    14.503
data required time                                                             14.503
-------------------------------------------------------------------------------------
data required time                                                            -14.503
data arrival time                                                              19.000
-------------------------------------------------------------------------------------
slack (MET)                                                                     4.497


#Path 9
Startpoint: delay_dff_Q_19.QZ[0] (Q_FRAG clocked by clk)
Endpoint  : delay_dff_Q_19.QD[0] (Q_FRAG clocked by clk)
Path Type : hold

Point                                                                  Incr      Path
-------------------------------------------------------------------------------------
clock clk (rise edge)                                                 0.000     0.000
clock source latency                                                  0.000     0.000
u_qlal4s3b_cell_macro.Sys_Clk0[0] (ASSP)                              0.000     0.000
delay_dff_Q_19.QCK[0] (Q_FRAG)                                       12.211    12.211
delay_dff_Q_19.QZ[0] (Q_FRAG) [clock-to-output]                       1.393    13.604
delay_dff_Q_9_D_LUT3_O_9.t_frag.XA2[0] (T_FRAG)                       2.241    15.845
delay_dff_Q_9_D_LUT3_O_9.t_frag.XZ[0] (T_FRAG)                        1.435    17.279
delay_dff_Q_19.QD[0] (Q_FRAG)                                         0.000    17.279
data arrival time                                                              17.279

clock clk (rise edge)                                                 0.000     0.000
clock source latency                                                  0.000     0.000
u_qlal4s3b_cell_macro.Sys_Clk0[0] (ASSP)                              0.000     0.000
delay_dff_Q_19.QCK[0] (Q_FRAG)                                       12.211    12.211
clock uncertainty                                                     0.000    12.211
cell hold time                                                        0.571    12.782
data required time                                                             12.782
-------------------------------------------------------------------------------------
data required time                                                            -12.782
data arrival time                                                              17.279
-------------------------------------------------------------------------------------
slack (MET)                                                                     4.497


#Path 10
Startpoint: delay_dff_Q_6.QZ[0] (Q_FRAG clocked by clk)
Endpoint  : delay_dff_Q_6.QD[0] (Q_FRAG clocked by clk)
Path Type : hold

Point                                                                  Incr      Path
-------------------------------------------------------------------------------------
clock clk (rise edge)                                                 0.000     0.000
clock source latency                                                  0.000     0.000
u_qlal4s3b_cell_macro.Sys_Clk0[0] (ASSP)                              0.000     0.000
delay_dff_Q_6.QCK[0] (Q_FRAG)                                        12.840    12.840
delay_dff_Q_6.QZ[0] (Q_FRAG) [clock-to-output]                        1.393    14.233
delay_dff_Q_9_D_LUT3_O_1.t_frag.XA2[0] (T_FRAG)                       2.241    16.473
delay_dff_Q_9_D_LUT3_O_1.t_frag.XZ[0] (T_FRAG)                        1.435    17.908
delay_dff_Q_6.QD[0] (Q_FRAG)                                          0.000    17.908
data arrival time                                                              17.908

clock clk (rise edge)                                                 0.000     0.000
clock source latency                                                  0.000     0.000
u_qlal4s3b_cell_macro.Sys_Clk0[0] (ASSP)                              0.000     0.000
delay_dff_Q_6.QCK[0] (Q_FRAG)                                        12.840    12.840
clock uncertainty                                                     0.000    12.840
cell hold time                                                        0.571    13.411
data required time                                                             13.411
-------------------------------------------------------------------------------------
data required time                                                            -13.411
data arrival time                                                              17.908
-------------------------------------------------------------------------------------
slack (MET)                                                                     4.497


#Path 11
Startpoint: delay_dff_Q_23.QZ[0] (Q_FRAG clocked by clk)
Endpoint  : delay_dff_Q_23.QD[0] (Q_FRAG clocked by clk)
Path Type : hold

Point                                                                   Incr      Path
--------------------------------------------------------------------------------------
clock clk (rise edge)                                                  0.000     0.000
clock source latency                                                   0.000     0.000
u_qlal4s3b_cell_macro.Sys_Clk0[0] (ASSP)                               0.000     0.000
delay_dff_Q_23.QCK[0] (Q_FRAG)                                        11.485    11.485
delay_dff_Q_23.QZ[0] (Q_FRAG) [clock-to-output]                        1.393    12.878
delay_dff_Q_9_D_LUT3_O_12.t_frag.XA2[0] (T_FRAG)                       2.241    15.118
delay_dff_Q_9_D_LUT3_O_12.t_frag.XZ[0] (T_FRAG)                        1.435    16.553
delay_dff_Q_23.QD[0] (Q_FRAG)                                          0.000    16.553
data arrival time                                                               16.553

clock clk (rise edge)                                                  0.000     0.000
clock source latency                                                   0.000     0.000
u_qlal4s3b_cell_macro.Sys_Clk0[0] (ASSP)                               0.000     0.000
delay_dff_Q_23.QCK[0] (Q_FRAG)                                        11.485    11.485
clock uncertainty                                                      0.000    11.485
cell hold time                                                         0.571    12.056
data required time                                                              12.056
--------------------------------------------------------------------------------------
data required time                                                             -12.056
data arrival time                                                               16.553
--------------------------------------------------------------------------------------
slack (MET)                                                                      4.497


#Path 12
Startpoint: delay_dff_Q_25.QZ[0] (Q_FRAG clocked by clk)
Endpoint  : delay_dff_Q_25.QD[0] (Q_FRAG clocked by clk)
Path Type : hold

Point                                                                   Incr      Path
--------------------------------------------------------------------------------------
clock clk (rise edge)                                                  0.000     0.000
clock source latency                                                   0.000     0.000
u_qlal4s3b_cell_macro.Sys_Clk0[0] (ASSP)                               0.000     0.000
delay_dff_Q_25.QCK[0] (Q_FRAG)                                        11.213    11.213
delay_dff_Q_25.QZ[0] (Q_FRAG) [clock-to-output]                        1.393    12.605
delay_dff_Q_9_D_LUT3_O_14.t_frag.XA2[0] (T_FRAG)                       2.241    14.846
delay_dff_Q_9_D_LUT3_O_14.t_frag.XZ[0] (T_FRAG)                        1.435    16.281
delay_dff_Q_25.QD[0] (Q_FRAG)                                          0.000    16.281
data arrival time                                                               16.281

clock clk (rise edge)                                                  0.000     0.000
clock source latency                                                   0.000     0.000
u_qlal4s3b_cell_macro.Sys_Clk0[0] (ASSP)                               0.000     0.000
delay_dff_Q_25.QCK[0] (Q_FRAG)                                        11.213    11.213
clock uncertainty                                                      0.000    11.213
cell hold time                                                         0.571    11.783
data required time                                                              11.783
--------------------------------------------------------------------------------------
data required time                                                             -11.783
data arrival time                                                               16.281
--------------------------------------------------------------------------------------
slack (MET)                                                                      4.497


#Path 13
Startpoint: delay_dff_Q_4.QZ[0] (Q_FRAG clocked by clk)
Endpoint  : delay_dff_Q_4.QD[0] (Q_FRAG clocked by clk)
Path Type : hold

Point                                                                Incr      Path
-----------------------------------------------------------------------------------
clock clk (rise edge)                                               0.000     0.000
clock source latency                                                0.000     0.000
u_qlal4s3b_cell_macro.Sys_Clk0[0] (ASSP)                            0.000     0.000
delay_dff_Q_4.QCK[0] (Q_FRAG)                                      11.394    11.394
delay_dff_Q_4.QZ[0] (Q_FRAG) [clock-to-output]                      1.393    12.787
delay_dff_Q_9_D_LUT3_O.t_frag.XA1[0] (T_FRAG)                       2.289    15.076
delay_dff_Q_9_D_LUT3_O.t_frag.XZ[0] (T_FRAG)                        1.392    16.468
delay_dff_Q_4.QD[0] (Q_FRAG)                                        0.000    16.468
data arrival time                                                            16.468

clock clk (rise edge)                                               0.000     0.000
clock source latency                                                0.000     0.000
u_qlal4s3b_cell_macro.Sys_Clk0[0] (ASSP)                            0.000     0.000
delay_dff_Q_4.QCK[0] (Q_FRAG)                                      11.394    11.394
clock uncertainty                                                   0.000    11.394
cell hold time                                                      0.571    11.965
data required time                                                           11.965
-----------------------------------------------------------------------------------
data required time                                                          -11.965
data arrival time                                                            16.468
-----------------------------------------------------------------------------------
slack (MET)                                                                   4.503


#Path 14
Startpoint: delay_dff_Q_18.QZ[0] (Q_FRAG clocked by clk)
Endpoint  : delay_dff_Q_18.QD[0] (Q_FRAG clocked by clk)
Path Type : hold

Point                                                                  Incr      Path
-------------------------------------------------------------------------------------
clock clk (rise edge)                                                 0.000     0.000
clock source latency                                                  0.000     0.000
u_qlal4s3b_cell_macro.Sys_Clk0[0] (ASSP)                              0.000     0.000
delay_dff_Q_18.QCK[0] (Q_FRAG)                                       12.318    12.318
delay_dff_Q_18.QZ[0] (Q_FRAG) [clock-to-output]                       1.393    13.711
delay_dff_Q_9_D_LUT3_O_8.t_frag.XA2[0] (T_FRAG)                       2.277    15.988
delay_dff_Q_9_D_LUT3_O_8.t_frag.XZ[0] (T_FRAG)                        1.435    17.423
delay_dff_Q_18.QD[0] (Q_FRAG)                                         0.000    17.423
data arrival time                                                              17.423

clock clk (rise edge)                                                 0.000     0.000
clock source latency                                                  0.000     0.000
u_qlal4s3b_cell_macro.Sys_Clk0[0] (ASSP)                              0.000     0.000
delay_dff_Q_18.QCK[0] (Q_FRAG)                                       12.318    12.318
clock uncertainty                                                     0.000    12.318
cell hold time                                                        0.571    12.889
data required time                                                             12.889
-------------------------------------------------------------------------------------
data required time                                                            -12.889
data arrival time                                                              17.423
-------------------------------------------------------------------------------------
slack (MET)                                                                     4.534


#Path 15
Startpoint: delay_dff_Q_20.QZ[0] (Q_FRAG clocked by clk)
Endpoint  : delay_dff_Q_20.QD[0] (Q_FRAG clocked by clk)
Path Type : hold

Point                                                                   Incr      Path
--------------------------------------------------------------------------------------
clock clk (rise edge)                                                  0.000     0.000
clock source latency                                                   0.000     0.000
u_qlal4s3b_cell_macro.Sys_Clk0[0] (ASSP)                               0.000     0.000
delay_dff_Q_20.QCK[0] (Q_FRAG)                                        11.176    11.176
delay_dff_Q_20.QZ[0] (Q_FRAG) [clock-to-output]                        1.393    12.568
delay_dff_Q_9_D_LUT3_O_10.t_frag.XA1[0] (T_FRAG)                       2.354    14.922
delay_dff_Q_9_D_LUT3_O_10.t_frag.XZ[0] (T_FRAG)                        1.392    16.314
delay_dff_Q_20.QD[0] (Q_FRAG)                                          0.000    16.314
data arrival time                                                               16.314

clock clk (rise edge)                                                  0.000     0.000
clock source latency                                                   0.000     0.000
u_qlal4s3b_cell_macro.Sys_Clk0[0] (ASSP)                               0.000     0.000
delay_dff_Q_20.QCK[0] (Q_FRAG)                                        11.176    11.176
clock uncertainty                                                      0.000    11.176
cell hold time                                                         0.571    11.747
data required time                                                              11.747
--------------------------------------------------------------------------------------
data required time                                                             -11.747
data arrival time                                                               16.314
--------------------------------------------------------------------------------------
slack (MET)                                                                      4.567


#Path 16
Startpoint: delay_dff_Q_12.QZ[0] (Q_FRAG clocked by clk)
Endpoint  : delay_dff_Q_12.QD[0] (Q_FRAG clocked by clk)
Path Type : hold

Point                                                                            Incr      Path
-----------------------------------------------------------------------------------------------
clock clk (rise edge)                                                           0.000     0.000
clock source latency                                                            0.000     0.000
u_qlal4s3b_cell_macro.Sys_Clk0[0] (ASSP)                                        0.000     0.000
delay_dff_Q_12.QCK[0] (Q_FRAG)                                                 11.248    11.248
delay_dff_Q_12.QZ[0] (Q_FRAG) [clock-to-output]                                 1.393    12.640
delay_dff_Q_9_D_LUT2_O_5_I0_LUT2_O.t_frag.XSL[0] (T_FRAG)                       2.422    15.062
delay_dff_Q_9_D_LUT2_O_5_I0_LUT2_O.t_frag.XZ[0] (T_FRAG)                        0.975    16.037
delay_dff_Q_9_D_LUT2_O_5.t_frag.XSL[0] (T_FRAG)                                 2.611    18.648
delay_dff_Q_9_D_LUT2_O_5.t_frag.XZ[0] (T_FRAG)                                  1.041    19.690
delay_dff_Q_12.QD[0] (Q_FRAG)                                                   0.000    19.690
data arrival time                                                                        19.690

clock clk (rise edge)                                                           0.000     0.000
clock source latency                                                            0.000     0.000
u_qlal4s3b_cell_macro.Sys_Clk0[0] (ASSP)                                        0.000     0.000
delay_dff_Q_12.QCK[0] (Q_FRAG)                                                 11.248    11.248
clock uncertainty                                                               0.000    11.248
cell hold time                                                                  0.571    11.819
data required time                                                                       11.819
-----------------------------------------------------------------------------------------------
data required time                                                                      -11.819
data arrival time                                                                        19.690
-----------------------------------------------------------------------------------------------
slack (MET)                                                                               7.871


#Path 17
Startpoint: delay_dff_Q_10.QZ[0] (Q_FRAG clocked by clk)
Endpoint  : delay_dff_Q_10.QD[0] (Q_FRAG clocked by clk)
Path Type : hold

Point                                                                            Incr      Path
-----------------------------------------------------------------------------------------------
clock clk (rise edge)                                                           0.000     0.000
clock source latency                                                            0.000     0.000
u_qlal4s3b_cell_macro.Sys_Clk0[0] (ASSP)                                        0.000     0.000
delay_dff_Q_10.QCK[0] (Q_FRAG)                                                 13.072    13.072
delay_dff_Q_10.QZ[0] (Q_FRAG) [clock-to-output]                                 1.393    14.464
delay_dff_Q_9_D_LUT3_O_4_I1_LUT2_O.t_frag.XSL[0] (T_FRAG)                       2.422    16.886
delay_dff_Q_9_D_LUT3_O_4_I1_LUT2_O.t_frag.XZ[0] (T_FRAG)                        0.975    17.861
delay_dff_Q_9_D_LUT3_O_4.t_frag.XSL[0] (T_FRAG)                                 2.611    20.472
delay_dff_Q_9_D_LUT3_O_4.t_frag.XZ[0] (T_FRAG)                                  1.041    21.514
delay_dff_Q_10.QD[0] (Q_FRAG)                                                   0.000    21.514
data arrival time                                                                        21.514

clock clk (rise edge)                                                           0.000     0.000
clock source latency                                                            0.000     0.000
u_qlal4s3b_cell_macro.Sys_Clk0[0] (ASSP)                                        0.000     0.000
delay_dff_Q_10.QCK[0] (Q_FRAG)                                                 13.072    13.072
clock uncertainty                                                               0.000    13.072
cell hold time                                                                  0.571    13.643
data required time                                                                       13.643
-----------------------------------------------------------------------------------------------
data required time                                                                      -13.643
data arrival time                                                                        21.514
-----------------------------------------------------------------------------------------------
slack (MET)                                                                               7.871


#Path 18
Startpoint: delay_dff_Q_7.QZ[0] (Q_FRAG clocked by clk)
Endpoint  : delay_dff_Q_7.QD[0] (Q_FRAG clocked by clk)
Path Type : hold

Point                                                                            Incr      Path
-----------------------------------------------------------------------------------------------
clock clk (rise edge)                                                           0.000     0.000
clock source latency                                                            0.000     0.000
u_qlal4s3b_cell_macro.Sys_Clk0[0] (ASSP)                                        0.000     0.000
delay_dff_Q_7.QCK[0] (Q_FRAG)                                                   9.736     9.736
delay_dff_Q_7.QZ[0] (Q_FRAG) [clock-to-output]                                  1.393    11.129
delay_dff_Q_9_D_LUT3_O_2_I1_LUT2_O.t_frag.XSL[0] (T_FRAG)                       2.422    13.551
delay_dff_Q_9_D_LUT3_O_2_I1_LUT2_O.t_frag.XZ[0] (T_FRAG)                        0.975    14.525
delay_dff_Q_9_D_LUT3_O_2.t_frag.XSL[0] (T_FRAG)                                 2.611    17.137
delay_dff_Q_9_D_LUT3_O_2.t_frag.XZ[0] (T_FRAG)                                  1.041    18.178
delay_dff_Q_7.QD[0] (Q_FRAG)                                                    0.000    18.178
data arrival time                                                                        18.178

clock clk (rise edge)                                                           0.000     0.000
clock source latency                                                            0.000     0.000
u_qlal4s3b_cell_macro.Sys_Clk0[0] (ASSP)                                        0.000     0.000
delay_dff_Q_7.QCK[0] (Q_FRAG)                                                   9.736     9.736
clock uncertainty                                                               0.000     9.736
cell hold time                                                                  0.571    10.307
data required time                                                                       10.307
-----------------------------------------------------------------------------------------------
data required time                                                                      -10.307
data arrival time                                                                        18.178
-----------------------------------------------------------------------------------------------
slack (MET)                                                                               7.871


#Path 19
Startpoint: delay_dff_Q_3.QZ[0] (Q_FRAG clocked by clk)
Endpoint  : delay_dff_Q_3.QD[0] (Q_FRAG clocked by clk)
Path Type : hold

Point                                                                            Incr      Path
-----------------------------------------------------------------------------------------------
clock clk (rise edge)                                                           0.000     0.000
clock source latency                                                            0.000     0.000
u_qlal4s3b_cell_macro.Sys_Clk0[0] (ASSP)                                        0.000     0.000
delay_dff_Q_3.QCK[0] (Q_FRAG)                                                  13.139    13.139
delay_dff_Q_3.QZ[0] (Q_FRAG) [clock-to-output]                                  1.393    14.532
delay_dff_Q_9_D_LUT2_O_1_I0_LUT3_O.t_frag.XB2[0] (T_FRAG)                       2.337    16.868
delay_dff_Q_9_D_LUT2_O_1_I0_LUT3_O.t_frag.XZ[0] (T_FRAG)                        1.333    18.201
delay_dff_Q_9_D_LUT2_O_1.t_frag.XSL[0] (T_FRAG)                                 2.486    20.688
delay_dff_Q_9_D_LUT2_O_1.t_frag.XZ[0] (T_FRAG)                                  1.041    21.729
delay_dff_Q_3.QD[0] (Q_FRAG)                                                    0.000    21.729
data arrival time                                                                        21.729

clock clk (rise edge)                                                           0.000     0.000
clock source latency                                                            0.000     0.000
u_qlal4s3b_cell_macro.Sys_Clk0[0] (ASSP)                                        0.000     0.000
delay_dff_Q_3.QCK[0] (Q_FRAG)                                                  13.139    13.139
clock uncertainty                                                               0.000    13.139
cell hold time                                                                  0.571    13.710
data required time                                                                       13.710
-----------------------------------------------------------------------------------------------
data required time                                                                      -13.710
data arrival time                                                                        21.729
-----------------------------------------------------------------------------------------------
slack (MET)                                                                               8.019


#Path 20
Startpoint: delay_dff_Q_22.QZ[0] (Q_FRAG clocked by clk)
Endpoint  : delay_dff_Q_22.QD[0] (Q_FRAG clocked by clk)
Path Type : hold

Point                                                                            Incr      Path
-----------------------------------------------------------------------------------------------
clock clk (rise edge)                                                           0.000     0.000
clock source latency                                                            0.000     0.000
u_qlal4s3b_cell_macro.Sys_Clk0[0] (ASSP)                                        0.000     0.000
delay_dff_Q_22.QCK[0] (Q_FRAG)                                                 10.597    10.597
delay_dff_Q_22.QZ[0] (Q_FRAG) [clock-to-output]                                 1.393    11.990
delay_dff_Q_9_D_LUT2_O_8_I0_LUT3_O.t_frag.XB2[0] (T_FRAG)                       2.233    14.223
delay_dff_Q_9_D_LUT2_O_8_I0_LUT3_O.t_frag.XZ[0] (T_FRAG)                        1.333    15.556
delay_dff_Q_9_D_LUT2_O_8.t_frag.XSL[0] (T_FRAG)                                 2.611    18.168
delay_dff_Q_9_D_LUT2_O_8.t_frag.XZ[0] (T_FRAG)                                  1.041    19.209
delay_dff_Q_22.QD[0] (Q_FRAG)                                                   0.000    19.209
data arrival time                                                                        19.209

clock clk (rise edge)                                                           0.000     0.000
clock source latency                                                            0.000     0.000
u_qlal4s3b_cell_macro.Sys_Clk0[0] (ASSP)                                        0.000     0.000
delay_dff_Q_22.QCK[0] (Q_FRAG)                                                 10.597    10.597
clock uncertainty                                                               0.000    10.597
cell hold time                                                                  0.571    11.168
data required time                                                                       11.168
-----------------------------------------------------------------------------------------------
data required time                                                                      -11.168
data arrival time                                                                        19.209
-----------------------------------------------------------------------------------------------
slack (MET)                                                                               8.041


#Path 21
Startpoint: delay_dff_Q_26.QZ[0] (Q_FRAG clocked by clk)
Endpoint  : delay_dff_Q_26.QD[0] (Q_FRAG clocked by clk)
Path Type : hold

Point                                                                            Incr      Path
-----------------------------------------------------------------------------------------------
clock clk (rise edge)                                                           0.000     0.000
clock source latency                                                            0.000     0.000
u_qlal4s3b_cell_macro.Sys_Clk0[0] (ASSP)                                        0.000     0.000
delay_dff_Q_26.QCK[0] (Q_FRAG)                                                 11.281    11.281
delay_dff_Q_26.QZ[0] (Q_FRAG) [clock-to-output]                                 1.393    12.674
delay_dff_Q_9_D_LUT2_O_9_I0_LUT3_O.t_frag.XB2[0] (T_FRAG)                       2.233    14.907
delay_dff_Q_9_D_LUT2_O_9_I0_LUT3_O.t_frag.XZ[0] (T_FRAG)                        1.333    16.240
delay_dff_Q_9_D_LUT2_O_9.t_frag.XSL[0] (T_FRAG)                                 2.611    18.852
delay_dff_Q_9_D_LUT2_O_9.t_frag.XZ[0] (T_FRAG)                                  1.041    19.893
delay_dff_Q_26.QD[0] (Q_FRAG)                                                   0.000    19.893
data arrival time                                                                        19.893

clock clk (rise edge)                                                           0.000     0.000
clock source latency                                                            0.000     0.000
u_qlal4s3b_cell_macro.Sys_Clk0[0] (ASSP)                                        0.000     0.000
delay_dff_Q_26.QCK[0] (Q_FRAG)                                                 11.281    11.281
clock uncertainty                                                               0.000    11.281
cell hold time                                                                  0.571    11.852
data required time                                                                       11.852
-----------------------------------------------------------------------------------------------
data required time                                                                      -11.852
data arrival time                                                                        19.893
-----------------------------------------------------------------------------------------------
slack (MET)                                                                               8.041


#Path 22
Startpoint: delay_dff_Q_5.QZ[0] (Q_FRAG clocked by clk)
Endpoint  : delay_dff_Q_5.QD[0] (Q_FRAG clocked by clk)
Path Type : hold

Point                                                                            Incr      Path
-----------------------------------------------------------------------------------------------
clock clk (rise edge)                                                           0.000     0.000
clock source latency                                                            0.000     0.000
u_qlal4s3b_cell_macro.Sys_Clk0[0] (ASSP)                                        0.000     0.000
delay_dff_Q_5.QCK[0] (Q_FRAG)                                                  10.498    10.498
delay_dff_Q_5.QZ[0] (Q_FRAG) [clock-to-output]                                  1.393    11.891
delay_dff_Q_9_D_LUT2_O_2_I0_LUT3_O.t_frag.XB2[0] (T_FRAG)                       2.233    14.124
delay_dff_Q_9_D_LUT2_O_2_I0_LUT3_O.t_frag.XZ[0] (T_FRAG)                        1.333    15.457
delay_dff_Q_9_D_LUT2_O_2.t_frag.XSL[0] (T_FRAG)                                 2.611    18.069
delay_dff_Q_9_D_LUT2_O_2.t_frag.XZ[0] (T_FRAG)                                  1.041    19.110
delay_dff_Q_5.QD[0] (Q_FRAG)                                                    0.000    19.110
data arrival time                                                                        19.110

clock clk (rise edge)                                                           0.000     0.000
clock source latency                                                            0.000     0.000
u_qlal4s3b_cell_macro.Sys_Clk0[0] (ASSP)                                        0.000     0.000
delay_dff_Q_5.QCK[0] (Q_FRAG)                                                  10.498    10.498
clock uncertainty                                                               0.000    10.498
cell hold time                                                                  0.571    11.069
data required time                                                                       11.069
-----------------------------------------------------------------------------------------------
data required time                                                                      -11.069
data arrival time                                                                        19.110
-----------------------------------------------------------------------------------------------
slack (MET)                                                                               8.041


#Path 23
Startpoint: delay_dff_Q_11.QZ[0] (Q_FRAG clocked by clk)
Endpoint  : delay_dff_Q_11.QD[0] (Q_FRAG clocked by clk)
Path Type : hold

Point                                                                            Incr      Path
-----------------------------------------------------------------------------------------------
clock clk (rise edge)                                                           0.000     0.000
clock source latency                                                            0.000     0.000
u_qlal4s3b_cell_macro.Sys_Clk0[0] (ASSP)                                        0.000     0.000
delay_dff_Q_11.QCK[0] (Q_FRAG)                                                 11.972    11.972
delay_dff_Q_11.QZ[0] (Q_FRAG) [clock-to-output]                                 1.393    13.365
delay_dff_Q_9_D_LUT2_O_4_I0_LUT3_O.t_frag.XB1[0] (T_FRAG)                       2.261    15.626
delay_dff_Q_9_D_LUT2_O_4_I0_LUT3_O.t_frag.XZ[0] (T_FRAG)                        1.333    16.959
delay_dff_Q_9_D_LUT2_O_4.t_frag.XSL[0] (T_FRAG)                                 2.611    19.570
delay_dff_Q_9_D_LUT2_O_4.t_frag.XZ[0] (T_FRAG)                                  1.041    20.612
delay_dff_Q_11.QD[0] (Q_FRAG)                                                   0.000    20.612
data arrival time                                                                        20.612

clock clk (rise edge)                                                           0.000     0.000
clock source latency                                                            0.000     0.000
u_qlal4s3b_cell_macro.Sys_Clk0[0] (ASSP)                                        0.000     0.000
delay_dff_Q_11.QCK[0] (Q_FRAG)                                                 11.972    11.972
clock uncertainty                                                               0.000    11.972
cell hold time                                                                  0.571    12.543
data required time                                                                       12.543
-----------------------------------------------------------------------------------------------
data required time                                                                      -12.543
data arrival time                                                                        20.612
-----------------------------------------------------------------------------------------------
slack (MET)                                                                               8.069


#Path 24
Startpoint: delay_dff_Q_8.QZ[0] (Q_FRAG clocked by clk)
Endpoint  : delay_dff_Q_8.QD[0] (Q_FRAG clocked by clk)
Path Type : hold

Point                                                                            Incr      Path
-----------------------------------------------------------------------------------------------
clock clk (rise edge)                                                           0.000     0.000
clock source latency                                                            0.000     0.000
u_qlal4s3b_cell_macro.Sys_Clk0[0] (ASSP)                                        0.000     0.000
delay_dff_Q_8.QCK[0] (Q_FRAG)                                                  10.549    10.549
delay_dff_Q_8.QZ[0] (Q_FRAG) [clock-to-output]                                  1.393    11.942
delay_dff_Q_9_D_LUT2_O_3_I0_LUT3_O.t_frag.XB1[0] (T_FRAG)                       2.261    14.203
delay_dff_Q_9_D_LUT2_O_3_I0_LUT3_O.t_frag.XZ[0] (T_FRAG)                        1.333    15.536
delay_dff_Q_9_D_LUT2_O_3.t_frag.XSL[0] (T_FRAG)                                 2.611    18.148
delay_dff_Q_9_D_LUT2_O_3.t_frag.XZ[0] (T_FRAG)                                  1.041    19.189
delay_dff_Q_8.QD[0] (Q_FRAG)                                                    0.000    19.189
data arrival time                                                                        19.189

clock clk (rise edge)                                                           0.000     0.000
clock source latency                                                            0.000     0.000
u_qlal4s3b_cell_macro.Sys_Clk0[0] (ASSP)                                        0.000     0.000
delay_dff_Q_8.QCK[0] (Q_FRAG)                                                  10.549    10.549
clock uncertainty                                                               0.000    10.549
cell hold time                                                                  0.571    11.120
data required time                                                                       11.120
-----------------------------------------------------------------------------------------------
data required time                                                                      -11.120
data arrival time                                                                        19.189
-----------------------------------------------------------------------------------------------
slack (MET)                                                                               8.069


#Path 25
Startpoint: delay_dff_Q_16.QZ[0] (Q_FRAG clocked by clk)
Endpoint  : delay_dff_Q_16.QD[0] (Q_FRAG clocked by clk)
Path Type : hold

Point                                                                            Incr      Path
-----------------------------------------------------------------------------------------------
clock clk (rise edge)                                                           0.000     0.000
clock source latency                                                            0.000     0.000
u_qlal4s3b_cell_macro.Sys_Clk0[0] (ASSP)                                        0.000     0.000
delay_dff_Q_16.QCK[0] (Q_FRAG)                                                 13.103    13.103
delay_dff_Q_16.QZ[0] (Q_FRAG) [clock-to-output]                                 1.393    14.496
delay_dff_Q_9_D_LUT2_O_7_I0_LUT3_O.t_frag.XB1[0] (T_FRAG)                       2.261    16.757
delay_dff_Q_9_D_LUT2_O_7_I0_LUT3_O.t_frag.XZ[0] (T_FRAG)                        1.333    18.090
delay_dff_Q_9_D_LUT2_O_7.t_frag.XSL[0] (T_FRAG)                                 2.611    20.701
delay_dff_Q_9_D_LUT2_O_7.t_frag.XZ[0] (T_FRAG)                                  1.041    21.743
delay_dff_Q_16.QD[0] (Q_FRAG)                                                   0.000    21.743
data arrival time                                                                        21.743

clock clk (rise edge)                                                           0.000     0.000
clock source latency                                                            0.000     0.000
u_qlal4s3b_cell_macro.Sys_Clk0[0] (ASSP)                                        0.000     0.000
delay_dff_Q_16.QCK[0] (Q_FRAG)                                                 13.103    13.103
clock uncertainty                                                               0.000    13.103
cell hold time                                                                  0.571    13.674
data required time                                                                       13.674
-----------------------------------------------------------------------------------------------
data required time                                                                      -13.674
data arrival time                                                                        21.743
-----------------------------------------------------------------------------------------------
slack (MET)                                                                               8.069


#Path 26
Startpoint: delay_dff_Q_14.QZ[0] (Q_FRAG clocked by clk)
Endpoint  : delay_dff_Q_13.QD[0] (Q_FRAG clocked by clk)
Path Type : hold

Point                                                                            Incr      Path
-----------------------------------------------------------------------------------------------
clock clk (rise edge)                                                           0.000     0.000
clock source latency                                                            0.000     0.000
u_qlal4s3b_cell_macro.Sys_Clk0[0] (ASSP)                                        0.000     0.000
delay_dff_Q_14.QCK[0] (Q_FRAG)                                                 10.522    10.522
delay_dff_Q_14.QZ[0] (Q_FRAG) [clock-to-output]                                 1.393    11.915
delay_dff_Q_9_D_LUT2_O_6_I0_LUT3_O.t_frag.XSL[0] (T_FRAG)                       4.614    16.528
delay_dff_Q_9_D_LUT2_O_6_I0_LUT3_O.t_frag.XZ[0] (T_FRAG)                        0.975    17.503
delay_dff_Q_9_D_LUT2_O_6.t_frag.XSL[0] (T_FRAG)                                 4.548    22.051
delay_dff_Q_9_D_LUT2_O_6.t_frag.XZ[0] (T_FRAG)                                  1.041    23.092
delay_dff_Q_13.QD[0] (Q_FRAG)                                                   0.000    23.092
data arrival time                                                                        23.092

clock clk (rise edge)                                                           0.000     0.000
clock source latency                                                            0.000     0.000
u_qlal4s3b_cell_macro.Sys_Clk0[0] (ASSP)                                        0.000     0.000
delay_dff_Q_13.QCK[0] (Q_FRAG)                                                 13.166    13.166
clock uncertainty                                                               0.000    13.166
cell hold time                                                                  0.571    13.737
data required time                                                                       13.737
-----------------------------------------------------------------------------------------------
data required time                                                                      -13.737
data arrival time                                                                        23.092
-----------------------------------------------------------------------------------------------
slack (MET)                                                                               9.355


#Path 27
Startpoint: delay_dff_Q_3.QZ[0] (Q_FRAG clocked by clk)
Endpoint  : mclk_dffe_Q.QEN[0] (Q_FRAG clocked by clk)
Path Type : hold

Point                                                               Incr      Path
----------------------------------------------------------------------------------
clock clk (rise edge)                                              0.000     0.000
clock source latency                                               0.000     0.000
u_qlal4s3b_cell_macro.Sys_Clk0[0] (ASSP)                           0.000     0.000
delay_dff_Q_3.QCK[0] (Q_FRAG)                                     13.139    13.139
delay_dff_Q_3.QZ[0] (Q_FRAG) [clock-to-output]                     1.393    14.532
mclk_dffe_Q_EN_LUT4_O.c_frag.TB2[0] (C_FRAG)                       3.955    18.486
mclk_dffe_Q_EN_LUT4_O.c_frag.CZ[0] (C_FRAG)                        1.466    19.952
mclk_dffe_Q.QEN[0] (Q_FRAG)                                        2.606    22.558
data arrival time                                                           22.558

clock clk (rise edge)                                              0.000     0.000
clock source latency                                               0.000     0.000
u_qlal4s3b_cell_macro.Sys_Clk0[0] (ASSP)                           0.000     0.000
mclk_dffe_Q.QCK[0] (Q_FRAG)                                       11.458    11.458
clock uncertainty                                                  0.000    11.458
cell hold time                                                    -0.394    11.063
data required time                                                          11.063
----------------------------------------------------------------------------------
data required time                                                         -11.063
data arrival time                                                           22.558
----------------------------------------------------------------------------------
slack (MET)                                                                 11.494


#Path 28
Startpoint: q1.inpad[0] (.input clocked by virtual_io_clock)
Endpoint  : d2_dff_Q.QD[0] (Q_FRAG clocked by d2_dff_Q_CLK)
Path Type : hold

Point                                                                         Incr      Path
--------------------------------------------------------------------------------------------
clock virtual_io_clock (rise edge)                                           0.000     0.000
clock source latency                                                         0.000     0.000
input external delay                                                         0.000     0.000
q1.inpad[0] (.input)                                                         0.000     0.000
$iopadmap$helloworldfpga.q1.I_PAD_$inp[0] (BIDIR_CELL)                       0.000     0.000
$iopadmap$helloworldfpga.q1.I_DAT[0] (BIDIR_CELL)                           10.153    10.153
d2_dff_Q.QD[0] (Q_FRAG)                                                      7.555    17.708
data arrival time                                                                     17.708

clock d2_dff_Q_CLK (rise edge)                                               0.000     0.000
clock source latency                                                         0.000     0.000
d2_dff_Q_CLK_inv_Q.f_frag.FZ[0] (F_FRAG)                                     0.000     0.000
d2_dff_Q.QCK[0] (Q_FRAG)                                                     3.457     3.457
clock uncertainty                                                            0.000     3.457
cell hold time                                                               0.571     4.028
data required time                                                                     4.028
--------------------------------------------------------------------------------------------
data required time                                                                    -4.028
data arrival time                                                                     17.708
--------------------------------------------------------------------------------------------
slack (MET)                                                                           13.680


#Path 29
Startpoint: mclk_dffe_Q.QZ[0] (Q_FRAG clocked by clk)
Endpoint  : mclk_dffe_Q.QD[0] (Q_FRAG clocked by clk)
Path Type : hold

Point                                                             Incr      Path
--------------------------------------------------------------------------------
clock clk (rise edge)                                            0.000     0.000
clock source latency                                             0.000     0.000
u_qlal4s3b_cell_macro.Sys_Clk0[0] (ASSP)                         0.000     0.000
mclk_dffe_Q.QCK[0] (Q_FRAG)                                     11.458    11.458
mclk_dffe_Q.QZ[0] (Q_FRAG) [clock-to-output]                     1.393    12.850
mclk_dffe_Q_D_LUT1_O.f_frag.FS[0] (F_FRAG)                       7.840    20.691
mclk_dffe_Q_D_LUT1_O.f_frag.FZ[0] (F_FRAG)                       0.698    21.389
mclk_dffe_Q.QD[0] (Q_FRAG)                                       4.489    25.878
data arrival time                                                         25.878

clock clk (rise edge)                                            0.000     0.000
clock source latency                                             0.000     0.000
u_qlal4s3b_cell_macro.Sys_Clk0[0] (ASSP)                         0.000     0.000
mclk_dffe_Q.QCK[0] (Q_FRAG)                                     11.458    11.458
clock uncertainty                                                0.000    11.458
cell hold time                                                   0.571    12.029
data required time                                                        12.029
--------------------------------------------------------------------------------
data required time                                                       -12.029
data arrival time                                                         25.878
--------------------------------------------------------------------------------
slack (MET)                                                               13.850


#Path 30
Startpoint: q0.inpad[0] (.input clocked by virtual_io_clock)
Endpoint  : d1_dff_Q.QD[0] (Q_FRAG clocked by d1_dff_Q_CLK)
Path Type : hold

Point                                                                         Incr      Path
--------------------------------------------------------------------------------------------
clock virtual_io_clock (rise edge)                                           0.000     0.000
clock source latency                                                         0.000     0.000
input external delay                                                         0.000     0.000
q0.inpad[0] (.input)                                                         0.000     0.000
$iopadmap$helloworldfpga.q0.I_PAD_$inp[0] (BIDIR_CELL)                       0.000     0.000
$iopadmap$helloworldfpga.q0.I_DAT[0] (BIDIR_CELL)                           10.153    10.153
d1_dff_Q.QD[0] (Q_FRAG)                                                     11.632    21.785
data arrival time                                                                     21.785

clock d1_dff_Q_CLK (rise edge)                                               0.000     0.000
clock source latency                                                         0.000     0.000
d1_dff_Q_CLK_inv_Q.f_frag.FZ[0] (F_FRAG)                                     0.000     0.000
d1_dff_Q.QCK[0] (Q_FRAG)                                                     6.848     6.848
clock uncertainty                                                            0.000     6.848
cell hold time                                                               0.571     7.419
data required time                                                                     7.419
--------------------------------------------------------------------------------------------
data required time                                                                    -7.419
data arrival time                                                                     21.785
--------------------------------------------------------------------------------------------
slack (MET)                                                                           14.366


#Path 31
Startpoint: q2.inpad[0] (.input clocked by virtual_io_clock)
Endpoint  : d0_dff_Q.QD[0] (Q_FRAG clocked by d0_dff_Q_CLK)
Path Type : hold

Point                                                                         Incr      Path
--------------------------------------------------------------------------------------------
clock virtual_io_clock (rise edge)                                           0.000     0.000
clock source latency                                                         0.000     0.000
input external delay                                                         0.000     0.000
q2.inpad[0] (.input)                                                         0.000     0.000
$iopadmap$helloworldfpga.q2.I_PAD_$inp[0] (BIDIR_CELL)                       0.000     0.000
$iopadmap$helloworldfpga.q2.I_DAT[0] (BIDIR_CELL)                           10.153    10.153
q2_LUT2_I0.t_frag.XSL[0] (T_FRAG)                                            6.649    16.802
q2_LUT2_I0.t_frag.XZ[0] (T_FRAG)                                             1.041    17.844
d0_dff_Q.QD[0] (Q_FRAG)                                                      0.000    17.844
data arrival time                                                                     17.844

clock d0_dff_Q_CLK (rise edge)                                               0.000     0.000
clock source latency                                                         0.000     0.000
d0_dff_Q_CLK_inv_Q.f_frag.FZ[0] (F_FRAG)                                     0.000     0.000
d0_dff_Q.QCK[0] (Q_FRAG)                                                     2.587     2.587
clock uncertainty                                                            0.000     2.587
cell hold time                                                               0.571     3.158
data required time                                                                     3.158
--------------------------------------------------------------------------------------------
data required time                                                                    -3.158
data arrival time                                                                     17.844
--------------------------------------------------------------------------------------------
slack (MET)                                                                           14.685


#Path 32
Startpoint: d2_dff_Q.QZ[0] (Q_FRAG clocked by d2_dff_Q_CLK)
Endpoint  : out:d2.outpad[0] (.output clocked by virtual_io_clock)
Path Type : hold

Point                                                                         Incr      Path
--------------------------------------------------------------------------------------------
clock d2_dff_Q_CLK (rise edge)                                               0.000     0.000
clock source latency                                                         0.000     0.000
d2_dff_Q_CLK_inv_Q.f_frag.FZ[0] (F_FRAG)                                     0.000     0.000
d2_dff_Q.QCK[0] (Q_FRAG)                                                     3.457     3.457
d2_dff_Q.QZ[0] (Q_FRAG) [clock-to-output]                                    1.393     4.850
$iopadmap$helloworldfpga.d2.O_DAT[0] (BIDIR_CELL)                            9.120    13.969
$iopadmap$helloworldfpga.d2.O_PAD_$out[0] (BIDIR_CELL)                       9.726    23.695
out:d2.outpad[0] (.output)                                                   0.000    23.695
data arrival time                                                                     23.695

clock virtual_io_clock (rise edge)                                           0.000     0.000
clock source latency                                                         0.000     0.000
clock uncertainty                                                            0.000     0.000
output external delay                                                        0.000     0.000
data required time                                                                     0.000
--------------------------------------------------------------------------------------------
data required time                                                                    -0.000
data arrival time                                                                     23.695
--------------------------------------------------------------------------------------------
slack (MET)                                                                           23.695


#Path 33
Startpoint: d0_dff_Q.QZ[0] (Q_FRAG clocked by d0_dff_Q_CLK)
Endpoint  : out:d0.outpad[0] (.output clocked by virtual_io_clock)
Path Type : hold

Point                                                                         Incr      Path
--------------------------------------------------------------------------------------------
clock d0_dff_Q_CLK (rise edge)                                               0.000     0.000
clock source latency                                                         0.000     0.000
d0_dff_Q_CLK_inv_Q.f_frag.FZ[0] (F_FRAG)                                     0.000     0.000
d0_dff_Q.QCK[0] (Q_FRAG)                                                     2.587     2.587
d0_dff_Q.QZ[0] (Q_FRAG) [clock-to-output]                                    1.393     3.980
$iopadmap$helloworldfpga.d0.O_DAT[0] (BIDIR_CELL)                           10.367    14.347
$iopadmap$helloworldfpga.d0.O_PAD_$out[0] (BIDIR_CELL)                       9.726    24.073
out:d0.outpad[0] (.output)                                                   0.000    24.073
data arrival time                                                                     24.073

clock virtual_io_clock (rise edge)                                           0.000     0.000
clock source latency                                                         0.000     0.000
clock uncertainty                                                            0.000     0.000
output external delay                                                        0.000     0.000
data required time                                                                     0.000
--------------------------------------------------------------------------------------------
data required time                                                                    -0.000
data arrival time                                                                     24.073
--------------------------------------------------------------------------------------------
slack (MET)                                                                           24.073


#Path 34
Startpoint: d1_dff_Q.QZ[0] (Q_FRAG clocked by d1_dff_Q_CLK)
Endpoint  : out:d1.outpad[0] (.output clocked by virtual_io_clock)
Path Type : hold

Point                                                                         Incr      Path
--------------------------------------------------------------------------------------------
clock d1_dff_Q_CLK (rise edge)                                               0.000     0.000
clock source latency                                                         0.000     0.000
d1_dff_Q_CLK_inv_Q.f_frag.FZ[0] (F_FRAG)                                     0.000     0.000
d1_dff_Q.QCK[0] (Q_FRAG)                                                     6.848     6.848
d1_dff_Q.QZ[0] (Q_FRAG) [clock-to-output]                                    1.393     8.240
$iopadmap$helloworldfpga.d1.O_DAT[0] (BIDIR_CELL)                            6.295    14.535
$iopadmap$helloworldfpga.d1.O_PAD_$out[0] (BIDIR_CELL)                       9.726    24.261
out:d1.outpad[0] (.output)                                                   0.000    24.261
data arrival time                                                                     24.261

clock virtual_io_clock (rise edge)                                           0.000     0.000
clock source latency                                                         0.000     0.000
clock uncertainty                                                            0.000     0.000
output external delay                                                        0.000     0.000
data required time                                                                     0.000
--------------------------------------------------------------------------------------------
data required time                                                                    -0.000
data arrival time                                                                     24.261
--------------------------------------------------------------------------------------------
slack (MET)                                                                           24.261


#Path 35
Startpoint: mclk_dffe_Q.QZ[0] (Q_FRAG clocked by clk)
Endpoint  : out:cl.outpad[0] (.output clocked by virtual_io_clock)
Path Type : hold

Point                                                                         Incr      Path
--------------------------------------------------------------------------------------------
clock clk (rise edge)                                                        0.000     0.000
clock source latency                                                         0.000     0.000
u_qlal4s3b_cell_macro.Sys_Clk0[0] (ASSP)                                     0.000     0.000
mclk_dffe_Q.QCK[0] (Q_FRAG)                                                 11.458    11.458
mclk_dffe_Q.QZ[0] (Q_FRAG) [clock-to-output]                                 1.393    12.850
$iopadmap$helloworldfpga.cl.O_DAT[0] (BIDIR_CELL)                            9.002    21.853
$iopadmap$helloworldfpga.cl.O_PAD_$out[0] (BIDIR_CELL)                       9.726    31.579
out:cl.outpad[0] (.output)                                                   0.000    31.579
data arrival time                                                                     31.579

clock virtual_io_clock (rise edge)                                           0.000     0.000
clock source latency                                                         0.000     0.000
clock uncertainty                                                            0.000     0.000
output external delay                                                        0.000     0.000
data required time                                                                     0.000
--------------------------------------------------------------------------------------------
data required time                                                                    -0.000
data arrival time                                                                     31.579
--------------------------------------------------------------------------------------------
slack (MET)                                                                           31.579


#End of timing report
